This file contains any messages produced by compilers while
running configure, to aid debugging if configure makes a mistake.

It was created by OpenPGM configure 5.1.118, which was
generated by GNU Autoconf 2.61.  Invocation command line was

  $ ./configure --disable-option-checking --prefix=/usr/local CFLAGS=-fvisibility=hidden --with-pgm --cache-file=/dev/null --srcdir=.

## --------- ##
## Platform. ##
## --------- ##

hostname = alex-ubuntu
uname -m = i686
uname -r = 3.2.0-32-generic
uname -s = Linux
uname -v = #51-Ubuntu SMP Wed Sep 26 21:32:50 UTC 2012

/usr/bin/uname -p = unknown
/bin/uname -X     = unknown

/bin/arch              = unknown
/usr/bin/arch -k       = unknown
/usr/convex/getsysinfo = unknown
/usr/bin/hostinfo      = unknown
/bin/machine           = unknown
/usr/bin/oslevel       = unknown
/bin/universe          = unknown

PATH: /home/alex/bin
PATH: /usr/lib/lightdm/lightdm
PATH: /usr/local/sbin
PATH: /usr/local/bin
PATH: /usr/sbin
PATH: /usr/bin
PATH: /sbin
PATH: /bin
PATH: /usr/games


## ----------- ##
## Core tests. ##
## ----------- ##

configure:1977: checking for a BSD-compatible install
configure:2033: result: /usr/bin/install -c
configure:2044: checking whether build environment is sane
configure:2087: result: yes
configure:2115: checking for a thread-safe mkdir -p
configure:2154: result: /bin/mkdir -p
configure:2167: checking for gawk
configure:2183: found /usr/bin/gawk
configure:2194: result: gawk
configure:2205: checking whether make sets $(MAKE)
configure:2226: result: yes
configure:2468: checking for gcc
configure:2484: found /usr/bin/gcc
configure:2495: result: gcc
configure:2733: checking for C compiler version
configure:2740: gcc --version >&5
gcc (Ubuntu/Linaro 4.6.3-1ubuntu5) 4.6.3
Copyright (C) 2011 Free Software Foundation, Inc.
This is free software; see the source for copying conditions.  There is NO
warranty; not even for MERCHANTABILITY or FITNESS FOR A PARTICULAR PURPOSE.

configure:2743: $? = 0
configure:2750: gcc -v >&5
Using built-in specs.
COLLECT_GCC=gcc
COLLECT_LTO_WRAPPER=/usr/lib/gcc/i686-linux-gnu/4.6/lto-wrapper
Target: i686-linux-gnu
Configured with: ../src/configure -v --with-pkgversion='Ubuntu/Linaro 4.6.3-1ubuntu5' --with-bugurl=file:///usr/share/doc/gcc-4.6/README.Bugs --enable-languages=c,c++,fortran,objc,obj-c++ --prefix=/usr --program-suffix=-4.6 --enable-shared --enable-linker-build-id --with-system-zlib --libexecdir=/usr/lib --without-included-gettext --enable-threads=posix --with-gxx-include-dir=/usr/include/c++/4.6 --libdir=/usr/lib --enable-nls --with-sysroot=/ --enable-clocale=gnu --enable-libstdcxx-debug --enable-libstdcxx-time=yes --enable-gnu-unique-object --enable-plugin --enable-objc-gc --enable-targets=all --disable-werror --with-arch-32=i686 --with-tune=generic --enable-checking=release --build=i686-linux-gnu --host=i686-linux-gnu --target=i686-linux-gnu
Thread model: posix
gcc version 4.6.3 (Ubuntu/Linaro 4.6.3-1ubuntu5) 
configure:2753: $? = 0
configure:2760: gcc -V >&5
gcc: error: unrecognized option '-V'
gcc: fatal error: no input files
compilation terminated.
configure:2763: $? = 4
configure:2786: checking for C compiler default output file name
configure:2813: gcc -fvisibility=hidden   conftest.c  >&5
configure:2816: $? = 0
configure:2854: result: a.out
configure:2871: checking whether the C compiler works
configure:2881: ./a.out
configure:2884: $? = 0
configure:2901: result: yes
configure:2908: checking whether we are cross compiling
configure:2910: result: no
configure:2913: checking for suffix of executables
configure:2920: gcc -o conftest -fvisibility=hidden   conftest.c  >&5
configure:2923: $? = 0
configure:2947: result: 
configure:2953: checking for suffix of object files
configure:2979: gcc -c -fvisibility=hidden  conftest.c >&5
configure:2982: $? = 0
configure:3005: result: o
configure:3009: checking whether we are using the GNU C compiler
configure:3038: gcc -c -fvisibility=hidden  conftest.c >&5
configure:3044: $? = 0
configure:3061: result: yes
configure:3066: checking whether gcc accepts -g
configure:3096: gcc -c -g  conftest.c >&5
configure:3102: $? = 0
configure:3201: result: yes
configure:3218: checking for gcc option to accept ISO C89
configure:3292: gcc  -c -fvisibility=hidden  conftest.c >&5
configure:3298: $? = 0
configure:3321: result: none needed
configure:3350: checking for style of include used by make
configure:3378: result: GNU
configure:3403: checking dependency style of gcc
configure:3494: result: gcc3
configure:3509: checking for gcc option to accept ISO C99
configure:3668: gcc  -c -fvisibility=hidden  conftest.c >&5
conftest.c:58:29: error: expected ';', ',' or ')' before 'text'
conftest.c: In function 'main':
conftest.c:112:18: error: expected '=', ',', ';', 'asm' or '__attribute__' before 'newvar'
conftest.c:112:18: error: 'newvar' undeclared (first use in this function)
conftest.c:112:18: note: each undeclared identifier is reported only once for each function it appears in
conftest.c:122:3: error: 'for' loop initial declarations are only allowed in C99 mode
conftest.c:122:3: note: use option -std=c99 or -std=gnu99 to compile your code
configure:3674: $? = 1
configure: failed program was:
| /* confdefs.h.  */
| #define PACKAGE_NAME "OpenPGM"
| #define PACKAGE_TARNAME "openpgm"
| #define PACKAGE_VERSION "5.1.118"
| #define PACKAGE_STRING "OpenPGM 5.1.118"
| #define PACKAGE_BUGREPORT "openpgm-dev@googlegroups.com"
| /* end confdefs.h.  */
| #include <stdarg.h>
| #include <stdbool.h>
| #include <stdlib.h>
| #include <wchar.h>
| #include <stdio.h>
| 
| // Check varargs macros.  These examples are taken from C99 6.10.3.5.
| #define debug(...) fprintf (stderr, __VA_ARGS__)
| #define showlist(...) puts (#__VA_ARGS__)
| #define report(test,...) ((test) ? puts (#test) : printf (__VA_ARGS__))
| static void
| test_varargs_macros (void)
| {
|   int x = 1234;
|   int y = 5678;
|   debug ("Flag");
|   debug ("X = %d\n", x);
|   showlist (The first, second, and third items.);
|   report (x>y, "x is %d but y is %d", x, y);
| }
| 
| // Check long long types.
| #define BIG64 18446744073709551615ull
| #define BIG32 4294967295ul
| #define BIG_OK (BIG64 / BIG32 == 4294967297ull && BIG64 % BIG32 == 0)
| #if !BIG_OK
|   your preprocessor is broken;
| #endif
| #if BIG_OK
| #else
|   your preprocessor is broken;
| #endif
| static long long int bignum = -9223372036854775807LL;
| static unsigned long long int ubignum = BIG64;
| 
| struct incomplete_array
| {
|   int datasize;
|   double data[];
| };
| 
| struct named_init {
|   int number;
|   const wchar_t *name;
|   double average;
| };
| 
| typedef const char *ccp;
| 
| static inline int
| test_restrict (ccp restrict text)
| {
|   // See if C++-style comments work.
|   // Iterate through items via the restricted pointer.
|   // Also check for declarations in for loops.
|   for (unsigned int i = 0; *(text+i) != '\0'; ++i)
|     continue;
|   return 0;
| }
| 
| // Check varargs and va_copy.
| static void
| test_varargs (const char *format, ...)
| {
|   va_list args;
|   va_start (args, format);
|   va_list args_copy;
|   va_copy (args_copy, args);
| 
|   const char *str;
|   int number;
|   float fnumber;
| 
|   while (*format)
|     {
|       switch (*format++)
| 	{
| 	case 's': // string
| 	  str = va_arg (args_copy, const char *);
| 	  break;
| 	case 'd': // int
| 	  number = va_arg (args_copy, int);
| 	  break;
| 	case 'f': // float
| 	  fnumber = va_arg (args_copy, double);
| 	  break;
| 	default:
| 	  break;
| 	}
|     }
|   va_end (args_copy);
|   va_end (args);
| }
| 
| int
| main ()
| {
| 
|   // Check bool.
|   _Bool success = false;
| 
|   // Check restrict.
|   if (test_restrict ("String literal") == 0)
|     success = true;
|   char *restrict newvar = "Another string";
| 
|   // Check varargs.
|   test_varargs ("s, d' f .", "string", 65, 34.234);
|   test_varargs_macros ();
| 
|   // Check flexible array members.
|   struct incomplete_array *ia =
|     malloc (sizeof (struct incomplete_array) + (sizeof (double) * 10));
|   ia->datasize = 10;
|   for (int i = 0; i < ia->datasize; ++i)
|     ia->data[i] = i * 1.234;
| 
|   // Check named initializers.
|   struct named_init ni = {
|     .number = 34,
|     .name = L"Test wide string",
|     .average = 543.34343,
|   };
| 
|   ni.number = 58;
| 
|   int dynamic_array[ni.number];
|   dynamic_array[ni.number - 1] = 543;
| 
|   // work around unused variable warnings
|   return (!success || bignum == 0LL || ubignum == 0uLL || newvar[0] == 'x'
| 	  || dynamic_array[ni.number - 1] != 543);
| 
|   ;
|   return 0;
| }
configure:3668: gcc -std=gnu99 -c -fvisibility=hidden  conftest.c >&5
configure:3674: $? = 0
configure:3704: result: -std=gnu99
configure:3741: checking build system type
configure:3759: result: i686-pc-linux-gnu
configure:3781: checking host system type
configure:3796: result: i686-pc-linux-gnu
configure:3818: checking for a sed that does not truncate output
configure:3897: result: /bin/sed
configure:3915: checking for grep that handles long lines and -e
configure:3989: result: /bin/grep
configure:3994: checking for egrep
configure:4072: result: /bin/grep -E
configure:4077: checking for fgrep
configure:4155: result: /bin/grep -F
configure:4190: checking for ld used by gcc -std=gnu99
configure:4257: result: /usr/bin/ld
configure:4266: checking if the linker (/usr/bin/ld) is GNU ld
configure:4281: result: yes
configure:4293: checking for BSD- or MS-compatible name lister (nm)
configure:4342: result: /usr/bin/nm -B
configure:4464: checking the name lister (/usr/bin/nm -B) interface
configure:4471: gcc -std=gnu99 -c -fvisibility=hidden  conftest.c >&5
configure:4474: /usr/bin/nm -B "conftest.o"
configure:4477: output
00000000 B some_variable
configure:4484: result: BSD nm
configure:4487: checking whether ln -s works
configure:4491: result: yes
configure:4499: checking the maximum length of command line arguments
configure:4619: result: 1572864
configure:4636: checking whether the shell understands some XSI constructs
configure:4646: result: yes
configure:4650: checking whether the shell understands "+="
configure:4656: result: yes
configure:4691: checking for /usr/bin/ld option to reload object files
configure:4698: result: -r
configure:4725: checking how to recognize dependent libraries
configure:4915: result: pass_all
configure:4975: checking for ar
configure:4991: found /usr/bin/ar
configure:5002: result: ar
configure:5084: checking for strip
configure:5100: found /usr/bin/strip
configure:5111: result: strip
configure:5187: checking for ranlib
configure:5203: found /usr/bin/ranlib
configure:5214: result: ranlib
configure:5308: checking command to parse /usr/bin/nm -B output from gcc -std=gnu99 object
configure:5426: gcc -std=gnu99 -c -fvisibility=hidden  conftest.c >&5
configure:5429: $? = 0
configure:5433: /usr/bin/nm -B conftest.o \| sed -n -e 's/^.*[	 ]\([ABCDGIRSTW][ABCDGIRSTW]*\)[	 ][	 ]*\([_A-Za-z][_A-Za-z0-9]*\)$/\1 \2 \2/p' \> conftest.nm
configure:5436: $? = 0
configure:5490: gcc -std=gnu99 -o conftest -fvisibility=hidden   conftest.c conftstm.o >&5
configure:5493: $? = 0
configure:5531: result: ok
configure:6410: checking how to run the C preprocessor
configure:6450: gcc -std=gnu99 -E  conftest.c
configure:6456: $? = 0
configure:6487: gcc -std=gnu99 -E  conftest.c
conftest.c:8:28: fatal error: ac_nonexistent.h: No such file or directory
compilation terminated.
configure:6493: $? = 1
configure: failed program was:
| /* confdefs.h.  */
| #define PACKAGE_NAME "OpenPGM"
| #define PACKAGE_TARNAME "openpgm"
| #define PACKAGE_VERSION "5.1.118"
| #define PACKAGE_STRING "OpenPGM 5.1.118"
| #define PACKAGE_BUGREPORT "openpgm-dev@googlegroups.com"
| /* end confdefs.h.  */
| #include <ac_nonexistent.h>
configure:6526: result: gcc -std=gnu99 -E
configure:6555: gcc -std=gnu99 -E  conftest.c
configure:6561: $? = 0
configure:6592: gcc -std=gnu99 -E  conftest.c
conftest.c:8:28: fatal error: ac_nonexistent.h: No such file or directory
compilation terminated.
configure:6598: $? = 1
configure: failed program was:
| /* confdefs.h.  */
| #define PACKAGE_NAME "OpenPGM"
| #define PACKAGE_TARNAME "openpgm"
| #define PACKAGE_VERSION "5.1.118"
| #define PACKAGE_STRING "OpenPGM 5.1.118"
| #define PACKAGE_BUGREPORT "openpgm-dev@googlegroups.com"
| /* end confdefs.h.  */
| #include <ac_nonexistent.h>
configure:6636: checking for ANSI C header files
configure:6666: gcc -std=gnu99 -c -fvisibility=hidden  conftest.c >&5
configure:6672: $? = 0
configure:6771: gcc -std=gnu99 -o conftest -fvisibility=hidden   conftest.c  >&5
configure:6774: $? = 0
configure:6780: ./conftest
configure:6783: $? = 0
configure:6800: result: yes
configure:6824: checking for sys/types.h
configure:6845: gcc -std=gnu99 -c -fvisibility=hidden  conftest.c >&5
configure:6851: $? = 0
configure:6867: result: yes
configure:6824: checking for sys/stat.h
configure:6845: gcc -std=gnu99 -c -fvisibility=hidden  conftest.c >&5
configure:6851: $? = 0
configure:6867: result: yes
configure:6824: checking for stdlib.h
configure:6845: gcc -std=gnu99 -c -fvisibility=hidden  conftest.c >&5
configure:6851: $? = 0
configure:6867: result: yes
configure:6824: checking for string.h
configure:6845: gcc -std=gnu99 -c -fvisibility=hidden  conftest.c >&5
configure:6851: $? = 0
configure:6867: result: yes
configure:6824: checking for memory.h
configure:6845: gcc -std=gnu99 -c -fvisibility=hidden  conftest.c >&5
configure:6851: $? = 0
configure:6867: result: yes
configure:6824: checking for strings.h
configure:6845: gcc -std=gnu99 -c -fvisibility=hidden  conftest.c >&5
configure:6851: $? = 0
configure:6867: result: yes
configure:6824: checking for inttypes.h
configure:6845: gcc -std=gnu99 -c -fvisibility=hidden  conftest.c >&5
configure:6851: $? = 0
configure:6867: result: yes
configure:6824: checking for stdint.h
configure:6845: gcc -std=gnu99 -c -fvisibility=hidden  conftest.c >&5
configure:6851: $? = 0
configure:6867: result: yes
configure:6824: checking for unistd.h
configure:6845: gcc -std=gnu99 -c -fvisibility=hidden  conftest.c >&5
configure:6851: $? = 0
configure:6867: result: yes
configure:6883: checking for dlfcn.h
configure:6904: gcc -std=gnu99 -c -fvisibility=hidden  conftest.c >&5
configure:6910: $? = 0
configure:6926: result: yes
configure:7110: checking for objdir
configure:7125: result: .libs
configure:7417: checking if gcc -std=gnu99 supports -fno-rtti -fno-exceptions
configure:7435: gcc -std=gnu99 -c -fvisibility=hidden  -fno-rtti -fno-exceptions conftest.c >&5
cc1: warning: command line option '-fno-rtti' is valid for C++/ObjC++ but not for C [enabled by default]
configure:7439: $? = 0
configure:7452: result: no
configure:7472: checking for gcc -std=gnu99 option to produce PIC
configure:7729: result: -fPIC -DPIC
configure:7741: checking if gcc -std=gnu99 PIC flag -fPIC -DPIC works
configure:7759: gcc -std=gnu99 -c -fvisibility=hidden  -fPIC -DPIC -DPIC conftest.c >&5
configure:7763: $? = 0
configure:7776: result: yes
configure:7800: checking if gcc -std=gnu99 static flag -static works
configure:7828: result: yes
configure:7843: checking if gcc -std=gnu99 supports -c -o file.o
configure:7864: gcc -std=gnu99 -c -fvisibility=hidden  -o out/conftest2.o conftest.c >&5
configure:7868: $? = 0
configure:7890: result: yes
configure:7898: checking if gcc -std=gnu99 supports -c -o file.o
configure:7945: result: yes
configure:7978: checking whether the gcc -std=gnu99 linker (/usr/bin/ld) supports shared libraries
configure:9032: result: yes
configure:9069: checking whether -lc should be explicitly linked in
configure:9074: gcc -std=gnu99 -c -fvisibility=hidden  conftest.c >&5
configure:9077: $? = 0
configure:9092: gcc -std=gnu99 -shared conftest.o  -v -Wl,-soname -Wl,conftest -o conftest 2\>\&1 \| /bin/grep  -lc  \>/dev/null 2\>\&1
configure:9095: $? = 0
configure:9107: result: no
configure:9271: checking dynamic linker characteristics
configure:9714: gcc -std=gnu99 -o conftest -fvisibility=hidden   -Wl,-rpath -Wl,/foo conftest.c  >&5
configure:9720: $? = 0
configure:9950: result: GNU/Linux ld.so
configure:10052: checking how to hardcode library paths into programs
configure:10077: result: immediate
configure:10890: checking whether stripping libraries is possible
configure:10895: result: yes
configure:10930: checking if libtool supports shared libraries
configure:10932: result: yes
configure:10935: checking whether to build shared libraries
configure:10956: result: yes
configure:10959: checking whether to build static libraries
configure:10963: result: yes
configure:11000: checking for perl
configure:11018: found /usr/bin/perl
configure:11030: result: /usr/bin/perl
configure:11040: checking for python
configure:11058: found /usr/bin/python
configure:11070: result: /usr/bin/python
configure:11087: checking host system type
configure:11102: result: i686-pc-linux-gnu
configure:11469: checking for library containing sqrt
configure:11510: gcc -std=gnu99 -o conftest -fvisibility=hidden -D_REENTRANT -D_XOPEN_SOURCE=600 -D_BSD_SOURCE   conftest.c  >&5
conftest.c:27:6: warning: conflicting types for built-in function 'sqrt' [enabled by default]
/tmp/ccGrqlxD.o: In function `main':
conftest.c:(.text+0x7): undefined reference to `sqrt'
collect2: ld returned 1 exit status
configure:11516: $? = 1
configure: failed program was:
| /* confdefs.h.  */
| #define PACKAGE_NAME "OpenPGM"
| #define PACKAGE_TARNAME "openpgm"
| #define PACKAGE_VERSION "5.1.118"
| #define PACKAGE_STRING "OpenPGM 5.1.118"
| #define PACKAGE_BUGREPORT "openpgm-dev@googlegroups.com"
| #define STDC_HEADERS 1
| #define HAVE_SYS_TYPES_H 1
| #define HAVE_SYS_STAT_H 1
| #define HAVE_STDLIB_H 1
| #define HAVE_STRING_H 1
| #define HAVE_MEMORY_H 1
| #define HAVE_STRINGS_H 1
| #define HAVE_INTTYPES_H 1
| #define HAVE_STDINT_H 1
| #define HAVE_UNISTD_H 1
| #define HAVE_DLFCN_H 1
| #define LT_OBJDIR ".libs/"
| /* end confdefs.h.  */
| 
| /* Override any GCC internal prototype to avoid an error.
|    Use char because int might match the return type of a GCC
|    builtin and then its argument prototype would still apply.  */
| #ifdef __cplusplus
| extern "C"
| #endif
| char sqrt ();
| int
| main ()
| {
| return sqrt ();
|   ;
|   return 0;
| }
configure:11510: gcc -std=gnu99 -o conftest -fvisibility=hidden -D_REENTRANT -D_XOPEN_SOURCE=600 -D_BSD_SOURCE   conftest.c -lm   >&5
conftest.c:27:6: warning: conflicting types for built-in function 'sqrt' [enabled by default]
configure:11516: $? = 0
configure:11544: result: -lm
configure:11552: checking for library containing pthread_mutex_trylock
configure:11593: gcc -std=gnu99 -o conftest -fvisibility=hidden -D_REENTRANT -D_XOPEN_SOURCE=600 -D_BSD_SOURCE   conftest.c -lm  >&5
/tmp/cc9vFnWO.o: In function `main':
conftest.c:(.text+0x7): undefined reference to `pthread_mutex_trylock'
collect2: ld returned 1 exit status
configure:11599: $? = 1
configure: failed program was:
| /* confdefs.h.  */
| #define PACKAGE_NAME "OpenPGM"
| #define PACKAGE_TARNAME "openpgm"
| #define PACKAGE_VERSION "5.1.118"
| #define PACKAGE_STRING "OpenPGM 5.1.118"
| #define PACKAGE_BUGREPORT "openpgm-dev@googlegroups.com"
| #define STDC_HEADERS 1
| #define HAVE_SYS_TYPES_H 1
| #define HAVE_SYS_STAT_H 1
| #define HAVE_STDLIB_H 1
| #define HAVE_STRING_H 1
| #define HAVE_MEMORY_H 1
| #define HAVE_STRINGS_H 1
| #define HAVE_INTTYPES_H 1
| #define HAVE_STDINT_H 1
| #define HAVE_UNISTD_H 1
| #define HAVE_DLFCN_H 1
| #define LT_OBJDIR ".libs/"
| /* end confdefs.h.  */
| 
| /* Override any GCC internal prototype to avoid an error.
|    Use char because int might match the return type of a GCC
|    builtin and then its argument prototype would still apply.  */
| #ifdef __cplusplus
| extern "C"
| #endif
| char pthread_mutex_trylock ();
| int
| main ()
| {
| return pthread_mutex_trylock ();
|   ;
|   return 0;
| }
configure:11593: gcc -std=gnu99 -o conftest -fvisibility=hidden -D_REENTRANT -D_XOPEN_SOURCE=600 -D_BSD_SOURCE   conftest.c -lpthread  -lm  >&5
configure:11599: $? = 0
configure:11627: result: -lpthread
configure:11635: checking for library containing clock_gettime
configure:11676: gcc -std=gnu99 -o conftest -fvisibility=hidden -D_REENTRANT -D_XOPEN_SOURCE=600 -D_BSD_SOURCE   conftest.c -lpthread -lm  >&5
/tmp/ccXtEqMZ.o: In function `main':
conftest.c:(.text+0x7): undefined reference to `clock_gettime'
collect2: ld returned 1 exit status
configure:11682: $? = 1
configure: failed program was:
| /* confdefs.h.  */
| #define PACKAGE_NAME "OpenPGM"
| #define PACKAGE_TARNAME "openpgm"
| #define PACKAGE_VERSION "5.1.118"
| #define PACKAGE_STRING "OpenPGM 5.1.118"
| #define PACKAGE_BUGREPORT "openpgm-dev@googlegroups.com"
| #define STDC_HEADERS 1
| #define HAVE_SYS_TYPES_H 1
| #define HAVE_SYS_STAT_H 1
| #define HAVE_STDLIB_H 1
| #define HAVE_STRING_H 1
| #define HAVE_MEMORY_H 1
| #define HAVE_STRINGS_H 1
| #define HAVE_INTTYPES_H 1
| #define HAVE_STDINT_H 1
| #define HAVE_UNISTD_H 1
| #define HAVE_DLFCN_H 1
| #define LT_OBJDIR ".libs/"
| /* end confdefs.h.  */
| 
| /* Override any GCC internal prototype to avoid an error.
|    Use char because int might match the return type of a GCC
|    builtin and then its argument prototype would still apply.  */
| #ifdef __cplusplus
| extern "C"
| #endif
| char clock_gettime ();
| int
| main ()
| {
| return clock_gettime ();
|   ;
|   return 0;
| }
configure:11676: gcc -std=gnu99 -o conftest -fvisibility=hidden -D_REENTRANT -D_XOPEN_SOURCE=600 -D_BSD_SOURCE   conftest.c -lrt  -lpthread -lm  >&5
configure:11682: $? = 0
configure:11710: result: -lrt
configure:11722: checking for working alloca.h
configure:11749: gcc -std=gnu99 -o conftest -fvisibility=hidden -D_REENTRANT -D_XOPEN_SOURCE=600 -D_BSD_SOURCE   conftest.c -lrt -lpthread -lm  >&5
configure:11755: $? = 0
configure:11772: result: yes
configure:11782: checking for alloca
configure:11829: gcc -std=gnu99 -o conftest -fvisibility=hidden -D_REENTRANT -D_XOPEN_SOURCE=600 -D_BSD_SOURCE   conftest.c -lrt -lpthread -lm  >&5
configure:11835: $? = 0
configure:11852: result: yes
configure:12117: checking arpa/inet.h usability
configure:12134: gcc -std=gnu99 -c -fvisibility=hidden -D_REENTRANT -D_XOPEN_SOURCE=600 -D_BSD_SOURCE  conftest.c >&5
configure:12140: $? = 0
configure:12154: result: yes
configure:12158: checking arpa/inet.h presence
configure:12173: gcc -std=gnu99 -E  conftest.c
configure:12179: $? = 0
configure:12193: result: yes
configure:12226: checking for arpa/inet.h
configure:12234: result: yes
configure:12117: checking fcntl.h usability
configure:12134: gcc -std=gnu99 -c -fvisibility=hidden -D_REENTRANT -D_XOPEN_SOURCE=600 -D_BSD_SOURCE  conftest.c >&5
configure:12140: $? = 0
configure:12154: result: yes
configure:12158: checking fcntl.h presence
configure:12173: gcc -std=gnu99 -E  conftest.c
configure:12179: $? = 0
configure:12193: result: yes
configure:12226: checking for fcntl.h
configure:12234: result: yes
configure:12117: checking float.h usability
configure:12134: gcc -std=gnu99 -c -fvisibility=hidden -D_REENTRANT -D_XOPEN_SOURCE=600 -D_BSD_SOURCE  conftest.c >&5
configure:12140: $? = 0
configure:12154: result: yes
configure:12158: checking float.h presence
configure:12173: gcc -std=gnu99 -E  conftest.c
configure:12179: $? = 0
configure:12193: result: yes
configure:12226: checking for float.h
configure:12234: result: yes
configure:12107: checking for inttypes.h
configure:12113: result: yes
configure:12117: checking libintl.h usability
configure:12134: gcc -std=gnu99 -c -fvisibility=hidden -D_REENTRANT -D_XOPEN_SOURCE=600 -D_BSD_SOURCE  conftest.c >&5
configure:12140: $? = 0
configure:12154: result: yes
configure:12158: checking libintl.h presence
configure:12173: gcc -std=gnu99 -E  conftest.c
configure:12179: $? = 0
configure:12193: result: yes
configure:12226: checking for libintl.h
configure:12234: result: yes
configure:12117: checking limits.h usability
configure:12134: gcc -std=gnu99 -c -fvisibility=hidden -D_REENTRANT -D_XOPEN_SOURCE=600 -D_BSD_SOURCE  conftest.c >&5
configure:12140: $? = 0
configure:12154: result: yes
configure:12158: checking limits.h presence
configure:12173: gcc -std=gnu99 -E  conftest.c
configure:12179: $? = 0
configure:12193: result: yes
configure:12226: checking for limits.h
configure:12234: result: yes
configure:12117: checking locale.h usability
configure:12134: gcc -std=gnu99 -c -fvisibility=hidden -D_REENTRANT -D_XOPEN_SOURCE=600 -D_BSD_SOURCE  conftest.c >&5
configure:12140: $? = 0
configure:12154: result: yes
configure:12158: checking locale.h presence
configure:12173: gcc -std=gnu99 -E  conftest.c
configure:12179: $? = 0
configure:12193: result: yes
configure:12226: checking for locale.h
configure:12234: result: yes
configure:12117: checking malloc.h usability
configure:12134: gcc -std=gnu99 -c -fvisibility=hidden -D_REENTRANT -D_XOPEN_SOURCE=600 -D_BSD_SOURCE  conftest.c >&5
configure:12140: $? = 0
configure:12154: result: yes
configure:12158: checking malloc.h presence
configure:12173: gcc -std=gnu99 -E  conftest.c
configure:12179: $? = 0
configure:12193: result: yes
configure:12226: checking for malloc.h
configure:12234: result: yes
configure:12107: checking for memory.h
configure:12113: result: yes
configure:12117: checking netdb.h usability
configure:12134: gcc -std=gnu99 -c -fvisibility=hidden -D_REENTRANT -D_XOPEN_SOURCE=600 -D_BSD_SOURCE  conftest.c >&5
configure:12140: $? = 0
configure:12154: result: yes
configure:12158: checking netdb.h presence
configure:12173: gcc -std=gnu99 -E  conftest.c
configure:12179: $? = 0
configure:12193: result: yes
configure:12226: checking for netdb.h
configure:12234: result: yes
configure:12117: checking netinet/in.h usability
configure:12134: gcc -std=gnu99 -c -fvisibility=hidden -D_REENTRANT -D_XOPEN_SOURCE=600 -D_BSD_SOURCE  conftest.c >&5
configure:12140: $? = 0
configure:12154: result: yes
configure:12158: checking netinet/in.h presence
configure:12173: gcc -std=gnu99 -E  conftest.c
configure:12179: $? = 0
configure:12193: result: yes
configure:12226: checking for netinet/in.h
configure:12234: result: yes
configure:12117: checking stddef.h usability
configure:12134: gcc -std=gnu99 -c -fvisibility=hidden -D_REENTRANT -D_XOPEN_SOURCE=600 -D_BSD_SOURCE  conftest.c >&5
configure:12140: $? = 0
configure:12154: result: yes
configure:12158: checking stddef.h presence
configure:12173: gcc -std=gnu99 -E  conftest.c
configure:12179: $? = 0
configure:12193: result: yes
configure:12226: checking for stddef.h
configure:12234: result: yes
configure:12107: checking for stdint.h
configure:12113: result: yes
configure:12107: checking for stdlib.h
configure:12113: result: yes
configure:12107: checking for string.h
configure:12113: result: yes
configure:12107: checking for strings.h
configure:12113: result: yes
configure:12117: checking sys/ioctl.h usability
configure:12134: gcc -std=gnu99 -c -fvisibility=hidden -D_REENTRANT -D_XOPEN_SOURCE=600 -D_BSD_SOURCE  conftest.c >&5
configure:12140: $? = 0
configure:12154: result: yes
configure:12158: checking sys/ioctl.h presence
configure:12173: gcc -std=gnu99 -E  conftest.c
configure:12179: $? = 0
configure:12193: result: yes
configure:12226: checking for sys/ioctl.h
configure:12234: result: yes
configure:12117: checking sys/param.h usability
configure:12134: gcc -std=gnu99 -c -fvisibility=hidden -D_REENTRANT -D_XOPEN_SOURCE=600 -D_BSD_SOURCE  conftest.c >&5
configure:12140: $? = 0
configure:12154: result: yes
configure:12158: checking sys/param.h presence
configure:12173: gcc -std=gnu99 -E  conftest.c
configure:12179: $? = 0
configure:12193: result: yes
configure:12226: checking for sys/param.h
configure:12234: result: yes
configure:12117: checking sys/socket.h usability
configure:12134: gcc -std=gnu99 -c -fvisibility=hidden -D_REENTRANT -D_XOPEN_SOURCE=600 -D_BSD_SOURCE  conftest.c >&5
configure:12140: $? = 0
configure:12154: result: yes
configure:12158: checking sys/socket.h presence
configure:12173: gcc -std=gnu99 -E  conftest.c
configure:12179: $? = 0
configure:12193: result: yes
configure:12226: checking for sys/socket.h
configure:12234: result: yes
configure:12117: checking sys/time.h usability
configure:12134: gcc -std=gnu99 -c -fvisibility=hidden -D_REENTRANT -D_XOPEN_SOURCE=600 -D_BSD_SOURCE  conftest.c >&5
configure:12140: $? = 0
configure:12154: result: yes
configure:12158: checking sys/time.h presence
configure:12173: gcc -std=gnu99 -E  conftest.c
configure:12179: $? = 0
configure:12193: result: yes
configure:12226: checking for sys/time.h
configure:12234: result: yes
configure:12117: checking sys/timeb.h usability
configure:12134: gcc -std=gnu99 -c -fvisibility=hidden -D_REENTRANT -D_XOPEN_SOURCE=600 -D_BSD_SOURCE  conftest.c >&5
configure:12140: $? = 0
configure:12154: result: yes
configure:12158: checking sys/timeb.h presence
configure:12173: gcc -std=gnu99 -E  conftest.c
configure:12179: $? = 0
configure:12193: result: yes
configure:12226: checking for sys/timeb.h
configure:12234: result: yes
configure:12117: checking syslog.h usability
configure:12134: gcc -std=gnu99 -c -fvisibility=hidden -D_REENTRANT -D_XOPEN_SOURCE=600 -D_BSD_SOURCE  conftest.c >&5
configure:12140: $? = 0
configure:12154: result: yes
configure:12158: checking syslog.h presence
configure:12173: gcc -std=gnu99 -E  conftest.c
configure:12179: $? = 0
configure:12193: result: yes
configure:12226: checking for syslog.h
configure:12234: result: yes
configure:12107: checking for unistd.h
configure:12113: result: yes
configure:12117: checking wchar.h usability
configure:12134: gcc -std=gnu99 -c -fvisibility=hidden -D_REENTRANT -D_XOPEN_SOURCE=600 -D_BSD_SOURCE  conftest.c >&5
configure:12140: $? = 0
configure:12154: result: yes
configure:12158: checking wchar.h presence
configure:12173: gcc -std=gnu99 -E  conftest.c
configure:12179: $? = 0
configure:12193: result: yes
configure:12226: checking for wchar.h
configure:12234: result: yes
configure:12249: checking for stdbool.h that conforms to C99
configure:12342: gcc -std=gnu99 -c -fvisibility=hidden -D_REENTRANT -D_XOPEN_SOURCE=600 -D_BSD_SOURCE  conftest.c >&5
configure:12348: $? = 0
configure:12363: result: yes
configure:12365: checking for _Bool
configure:12395: gcc -std=gnu99 -c -fvisibility=hidden -D_REENTRANT -D_XOPEN_SOURCE=600 -D_BSD_SOURCE  conftest.c >&5
configure:12401: $? = 0
configure:12416: result: yes
configure:12435: checking for uid_t in sys/types.h
configure:12458: result: yes
configure:12473: checking for inline
configure:12499: gcc -std=gnu99 -c -fvisibility=hidden -D_REENTRANT -D_XOPEN_SOURCE=600 -D_BSD_SOURCE  conftest.c >&5
configure:12505: $? = 0
configure:12523: result: inline
configure:12543: checking for int16_t
configure:12574: gcc -std=gnu99 -c -fvisibility=hidden -D_REENTRANT -D_XOPEN_SOURCE=600 -D_BSD_SOURCE  conftest.c >&5
configure:12580: $? = 0
configure:12609: gcc -std=gnu99 -c -fvisibility=hidden -D_REENTRANT -D_XOPEN_SOURCE=600 -D_BSD_SOURCE  conftest.c >&5
conftest.c: In function 'main':
conftest.c:84:12: error: size of array 'test_array' is negative
configure:12615: $? = 1
configure: failed program was:
| /* confdefs.h.  */
| #define PACKAGE_NAME "OpenPGM"
| #define PACKAGE_TARNAME "openpgm"
| #define PACKAGE_VERSION "5.1.118"
| #define PACKAGE_STRING "OpenPGM 5.1.118"
| #define PACKAGE_BUGREPORT "openpgm-dev@googlegroups.com"
| #define STDC_HEADERS 1
| #define HAVE_SYS_TYPES_H 1
| #define HAVE_SYS_STAT_H 1
| #define HAVE_STDLIB_H 1
| #define HAVE_STRING_H 1
| #define HAVE_MEMORY_H 1
| #define HAVE_STRINGS_H 1
| #define HAVE_INTTYPES_H 1
| #define HAVE_STDINT_H 1
| #define HAVE_UNISTD_H 1
| #define HAVE_DLFCN_H 1
| #define LT_OBJDIR ".libs/"
| #define HAVE_ALLOCA_H 1
| #define HAVE_ALLOCA 1
| #define HAVE_ARPA_INET_H 1
| #define HAVE_FCNTL_H 1
| #define HAVE_FLOAT_H 1
| #define HAVE_INTTYPES_H 1
| #define HAVE_LIBINTL_H 1
| #define HAVE_LIMITS_H 1
| #define HAVE_LOCALE_H 1
| #define HAVE_MALLOC_H 1
| #define HAVE_MEMORY_H 1
| #define HAVE_NETDB_H 1
| #define HAVE_NETINET_IN_H 1
| #define HAVE_STDDEF_H 1
| #define HAVE_STDINT_H 1
| #define HAVE_STDLIB_H 1
| #define HAVE_STRING_H 1
| #define HAVE_STRINGS_H 1
| #define HAVE_SYS_IOCTL_H 1
| #define HAVE_SYS_PARAM_H 1
| #define HAVE_SYS_SOCKET_H 1
| #define HAVE_SYS_TIME_H 1
| #define HAVE_SYS_TIMEB_H 1
| #define HAVE_SYSLOG_H 1
| #define HAVE_UNISTD_H 1
| #define HAVE_WCHAR_H 1
| #define HAVE__BOOL 1
| #define HAVE_STDBOOL_H 1
| /* end confdefs.h.  */
| #include <stdio.h>
| #ifdef HAVE_SYS_TYPES_H
| # include <sys/types.h>
| #endif
| #ifdef HAVE_SYS_STAT_H
| # include <sys/stat.h>
| #endif
| #ifdef STDC_HEADERS
| # include <stdlib.h>
| # include <stddef.h>
| #else
| # ifdef HAVE_STDLIB_H
| #  include <stdlib.h>
| # endif
| #endif
| #ifdef HAVE_STRING_H
| # if !defined STDC_HEADERS && defined HAVE_MEMORY_H
| #  include <memory.h>
| # endif
| # include <string.h>
| #endif
| #ifdef HAVE_STRINGS_H
| # include <strings.h>
| #endif
| #ifdef HAVE_INTTYPES_H
| # include <inttypes.h>
| #endif
| #ifdef HAVE_STDINT_H
| # include <stdint.h>
| #endif
| #ifdef HAVE_UNISTD_H
| # include <unistd.h>
| #endif
| int
| main ()
| {
| static int test_array [1 - 2 * !((int16_t) ((((int16_t) 1 << (16 - 2)) - 1) * 2 + 1)
| 	         < (int16_t) ((((int16_t) 1 << (16 - 2)) - 1) * 2 + 2))];
| test_array [0] = 0
| 
|   ;
|   return 0;
| }
configure:12644: result: yes
configure:12657: checking for int32_t
configure:12688: gcc -std=gnu99 -c -fvisibility=hidden -D_REENTRANT -D_XOPEN_SOURCE=600 -D_BSD_SOURCE  conftest.c >&5
configure:12694: $? = 0
configure:12723: gcc -std=gnu99 -c -fvisibility=hidden -D_REENTRANT -D_XOPEN_SOURCE=600 -D_BSD_SOURCE  conftest.c >&5
conftest.c: In function 'main':
conftest.c:85:60: warning: integer overflow in expression [-Woverflow]
conftest.c:84:12: error: size of array 'test_array' is negative
conftest.c:84:12: error: storage size of 'test_array' isn't constant
configure:12729: $? = 1
configure: failed program was:
| /* confdefs.h.  */
| #define PACKAGE_NAME "OpenPGM"
| #define PACKAGE_TARNAME "openpgm"
| #define PACKAGE_VERSION "5.1.118"
| #define PACKAGE_STRING "OpenPGM 5.1.118"
| #define PACKAGE_BUGREPORT "openpgm-dev@googlegroups.com"
| #define STDC_HEADERS 1
| #define HAVE_SYS_TYPES_H 1
| #define HAVE_SYS_STAT_H 1
| #define HAVE_STDLIB_H 1
| #define HAVE_STRING_H 1
| #define HAVE_MEMORY_H 1
| #define HAVE_STRINGS_H 1
| #define HAVE_INTTYPES_H 1
| #define HAVE_STDINT_H 1
| #define HAVE_UNISTD_H 1
| #define HAVE_DLFCN_H 1
| #define LT_OBJDIR ".libs/"
| #define HAVE_ALLOCA_H 1
| #define HAVE_ALLOCA 1
| #define HAVE_ARPA_INET_H 1
| #define HAVE_FCNTL_H 1
| #define HAVE_FLOAT_H 1
| #define HAVE_INTTYPES_H 1
| #define HAVE_LIBINTL_H 1
| #define HAVE_LIMITS_H 1
| #define HAVE_LOCALE_H 1
| #define HAVE_MALLOC_H 1
| #define HAVE_MEMORY_H 1
| #define HAVE_NETDB_H 1
| #define HAVE_NETINET_IN_H 1
| #define HAVE_STDDEF_H 1
| #define HAVE_STDINT_H 1
| #define HAVE_STDLIB_H 1
| #define HAVE_STRING_H 1
| #define HAVE_STRINGS_H 1
| #define HAVE_SYS_IOCTL_H 1
| #define HAVE_SYS_PARAM_H 1
| #define HAVE_SYS_SOCKET_H 1
| #define HAVE_SYS_TIME_H 1
| #define HAVE_SYS_TIMEB_H 1
| #define HAVE_SYSLOG_H 1
| #define HAVE_UNISTD_H 1
| #define HAVE_WCHAR_H 1
| #define HAVE__BOOL 1
| #define HAVE_STDBOOL_H 1
| /* end confdefs.h.  */
| #include <stdio.h>
| #ifdef HAVE_SYS_TYPES_H
| # include <sys/types.h>
| #endif
| #ifdef HAVE_SYS_STAT_H
| # include <sys/stat.h>
| #endif
| #ifdef STDC_HEADERS
| # include <stdlib.h>
| # include <stddef.h>
| #else
| # ifdef HAVE_STDLIB_H
| #  include <stdlib.h>
| # endif
| #endif
| #ifdef HAVE_STRING_H
| # if !defined STDC_HEADERS && defined HAVE_MEMORY_H
| #  include <memory.h>
| # endif
| # include <string.h>
| #endif
| #ifdef HAVE_STRINGS_H
| # include <strings.h>
| #endif
| #ifdef HAVE_INTTYPES_H
| # include <inttypes.h>
| #endif
| #ifdef HAVE_STDINT_H
| # include <stdint.h>
| #endif
| #ifdef HAVE_UNISTD_H
| # include <unistd.h>
| #endif
| int
| main ()
| {
| static int test_array [1 - 2 * !((int32_t) ((((int32_t) 1 << (32 - 2)) - 1) * 2 + 1)
| 	         < (int32_t) ((((int32_t) 1 << (32 - 2)) - 1) * 2 + 2))];
| test_array [0] = 0
| 
|   ;
|   return 0;
| }
configure:12758: result: yes
configure:12771: checking for int64_t
configure:12802: gcc -std=gnu99 -c -fvisibility=hidden -D_REENTRANT -D_XOPEN_SOURCE=600 -D_BSD_SOURCE  conftest.c >&5
configure:12808: $? = 0
configure:12837: gcc -std=gnu99 -c -fvisibility=hidden -D_REENTRANT -D_XOPEN_SOURCE=600 -D_BSD_SOURCE  conftest.c >&5
conftest.c: In function 'main':
conftest.c:85:60: warning: integer overflow in expression [-Woverflow]
conftest.c:84:12: error: size of array 'test_array' is negative
conftest.c:84:12: error: storage size of 'test_array' isn't constant
configure:12843: $? = 1
configure: failed program was:
| /* confdefs.h.  */
| #define PACKAGE_NAME "OpenPGM"
| #define PACKAGE_TARNAME "openpgm"
| #define PACKAGE_VERSION "5.1.118"
| #define PACKAGE_STRING "OpenPGM 5.1.118"
| #define PACKAGE_BUGREPORT "openpgm-dev@googlegroups.com"
| #define STDC_HEADERS 1
| #define HAVE_SYS_TYPES_H 1
| #define HAVE_SYS_STAT_H 1
| #define HAVE_STDLIB_H 1
| #define HAVE_STRING_H 1
| #define HAVE_MEMORY_H 1
| #define HAVE_STRINGS_H 1
| #define HAVE_INTTYPES_H 1
| #define HAVE_STDINT_H 1
| #define HAVE_UNISTD_H 1
| #define HAVE_DLFCN_H 1
| #define LT_OBJDIR ".libs/"
| #define HAVE_ALLOCA_H 1
| #define HAVE_ALLOCA 1
| #define HAVE_ARPA_INET_H 1
| #define HAVE_FCNTL_H 1
| #define HAVE_FLOAT_H 1
| #define HAVE_INTTYPES_H 1
| #define HAVE_LIBINTL_H 1
| #define HAVE_LIMITS_H 1
| #define HAVE_LOCALE_H 1
| #define HAVE_MALLOC_H 1
| #define HAVE_MEMORY_H 1
| #define HAVE_NETDB_H 1
| #define HAVE_NETINET_IN_H 1
| #define HAVE_STDDEF_H 1
| #define HAVE_STDINT_H 1
| #define HAVE_STDLIB_H 1
| #define HAVE_STRING_H 1
| #define HAVE_STRINGS_H 1
| #define HAVE_SYS_IOCTL_H 1
| #define HAVE_SYS_PARAM_H 1
| #define HAVE_SYS_SOCKET_H 1
| #define HAVE_SYS_TIME_H 1
| #define HAVE_SYS_TIMEB_H 1
| #define HAVE_SYSLOG_H 1
| #define HAVE_UNISTD_H 1
| #define HAVE_WCHAR_H 1
| #define HAVE__BOOL 1
| #define HAVE_STDBOOL_H 1
| /* end confdefs.h.  */
| #include <stdio.h>
| #ifdef HAVE_SYS_TYPES_H
| # include <sys/types.h>
| #endif
| #ifdef HAVE_SYS_STAT_H
| # include <sys/stat.h>
| #endif
| #ifdef STDC_HEADERS
| # include <stdlib.h>
| # include <stddef.h>
| #else
| # ifdef HAVE_STDLIB_H
| #  include <stdlib.h>
| # endif
| #endif
| #ifdef HAVE_STRING_H
| # if !defined STDC_HEADERS && defined HAVE_MEMORY_H
| #  include <memory.h>
| # endif
| # include <string.h>
| #endif
| #ifdef HAVE_STRINGS_H
| # include <strings.h>
| #endif
| #ifdef HAVE_INTTYPES_H
| # include <inttypes.h>
| #endif
| #ifdef HAVE_STDINT_H
| # include <stdint.h>
| #endif
| #ifdef HAVE_UNISTD_H
| # include <unistd.h>
| #endif
| int
| main ()
| {
| static int test_array [1 - 2 * !((int64_t) ((((int64_t) 1 << (64 - 2)) - 1) * 2 + 1)
| 	         < (int64_t) ((((int64_t) 1 << (64 - 2)) - 1) * 2 + 2))];
| test_array [0] = 0
| 
|   ;
|   return 0;
| }
configure:12872: result: yes
configure:12885: checking for int8_t
configure:12916: gcc -std=gnu99 -c -fvisibility=hidden -D_REENTRANT -D_XOPEN_SOURCE=600 -D_BSD_SOURCE  conftest.c >&5
configure:12922: $? = 0
configure:12951: gcc -std=gnu99 -c -fvisibility=hidden -D_REENTRANT -D_XOPEN_SOURCE=600 -D_BSD_SOURCE  conftest.c >&5
conftest.c: In function 'main':
conftest.c:84:12: error: size of array 'test_array' is negative
configure:12957: $? = 1
configure: failed program was:
| /* confdefs.h.  */
| #define PACKAGE_NAME "OpenPGM"
| #define PACKAGE_TARNAME "openpgm"
| #define PACKAGE_VERSION "5.1.118"
| #define PACKAGE_STRING "OpenPGM 5.1.118"
| #define PACKAGE_BUGREPORT "openpgm-dev@googlegroups.com"
| #define STDC_HEADERS 1
| #define HAVE_SYS_TYPES_H 1
| #define HAVE_SYS_STAT_H 1
| #define HAVE_STDLIB_H 1
| #define HAVE_STRING_H 1
| #define HAVE_MEMORY_H 1
| #define HAVE_STRINGS_H 1
| #define HAVE_INTTYPES_H 1
| #define HAVE_STDINT_H 1
| #define HAVE_UNISTD_H 1
| #define HAVE_DLFCN_H 1
| #define LT_OBJDIR ".libs/"
| #define HAVE_ALLOCA_H 1
| #define HAVE_ALLOCA 1
| #define HAVE_ARPA_INET_H 1
| #define HAVE_FCNTL_H 1
| #define HAVE_FLOAT_H 1
| #define HAVE_INTTYPES_H 1
| #define HAVE_LIBINTL_H 1
| #define HAVE_LIMITS_H 1
| #define HAVE_LOCALE_H 1
| #define HAVE_MALLOC_H 1
| #define HAVE_MEMORY_H 1
| #define HAVE_NETDB_H 1
| #define HAVE_NETINET_IN_H 1
| #define HAVE_STDDEF_H 1
| #define HAVE_STDINT_H 1
| #define HAVE_STDLIB_H 1
| #define HAVE_STRING_H 1
| #define HAVE_STRINGS_H 1
| #define HAVE_SYS_IOCTL_H 1
| #define HAVE_SYS_PARAM_H 1
| #define HAVE_SYS_SOCKET_H 1
| #define HAVE_SYS_TIME_H 1
| #define HAVE_SYS_TIMEB_H 1
| #define HAVE_SYSLOG_H 1
| #define HAVE_UNISTD_H 1
| #define HAVE_WCHAR_H 1
| #define HAVE__BOOL 1
| #define HAVE_STDBOOL_H 1
| /* end confdefs.h.  */
| #include <stdio.h>
| #ifdef HAVE_SYS_TYPES_H
| # include <sys/types.h>
| #endif
| #ifdef HAVE_SYS_STAT_H
| # include <sys/stat.h>
| #endif
| #ifdef STDC_HEADERS
| # include <stdlib.h>
| # include <stddef.h>
| #else
| # ifdef HAVE_STDLIB_H
| #  include <stdlib.h>
| # endif
| #endif
| #ifdef HAVE_STRING_H
| # if !defined STDC_HEADERS && defined HAVE_MEMORY_H
| #  include <memory.h>
| # endif
| # include <string.h>
| #endif
| #ifdef HAVE_STRINGS_H
| # include <strings.h>
| #endif
| #ifdef HAVE_INTTYPES_H
| # include <inttypes.h>
| #endif
| #ifdef HAVE_STDINT_H
| # include <stdint.h>
| #endif
| #ifdef HAVE_UNISTD_H
| # include <unistd.h>
| #endif
| int
| main ()
| {
| static int test_array [1 - 2 * !((int8_t) ((((int8_t) 1 << (8 - 2)) - 1) * 2 + 1)
| 	         < (int8_t) ((((int8_t) 1 << (8 - 2)) - 1) * 2 + 2))];
| test_array [0] = 0
| 
|   ;
|   return 0;
| }
configure:12986: result: yes
configure:12998: checking for mode_t
configure:13028: gcc -std=gnu99 -c -fvisibility=hidden -D_REENTRANT -D_XOPEN_SOURCE=600 -D_BSD_SOURCE  conftest.c >&5
configure:13034: $? = 0
configure:13049: result: yes
configure:13061: checking for C/C++ restrict keyword
configure:13097: gcc -std=gnu99 -c -fvisibility=hidden -D_REENTRANT -D_XOPEN_SOURCE=600 -D_BSD_SOURCE  conftest.c >&5
configure:13103: $? = 0
configure:13121: result: restrict
configure:13136: checking for size_t
configure:13166: gcc -std=gnu99 -c -fvisibility=hidden -D_REENTRANT -D_XOPEN_SOURCE=600 -D_BSD_SOURCE  conftest.c >&5
configure:13172: $? = 0
configure:13187: result: yes
configure:13199: checking for ssize_t
configure:13229: gcc -std=gnu99 -c -fvisibility=hidden -D_REENTRANT -D_XOPEN_SOURCE=600 -D_BSD_SOURCE  conftest.c >&5
configure:13235: $? = 0
configure:13250: result: yes
configure:13263: checking for uint16_t
configure:13294: gcc -std=gnu99 -c -fvisibility=hidden -D_REENTRANT -D_XOPEN_SOURCE=600 -D_BSD_SOURCE  conftest.c >&5
configure:13300: $? = 0
configure:13321: result: yes
configure:13335: checking for uint32_t
configure:13366: gcc -std=gnu99 -c -fvisibility=hidden -D_REENTRANT -D_XOPEN_SOURCE=600 -D_BSD_SOURCE  conftest.c >&5
configure:13372: $? = 0
configure:13393: result: yes
configure:13411: checking for uint64_t
configure:13442: gcc -std=gnu99 -c -fvisibility=hidden -D_REENTRANT -D_XOPEN_SOURCE=600 -D_BSD_SOURCE  conftest.c >&5
configure:13448: $? = 0
configure:13469: result: yes
configure:13487: checking for uint8_t
configure:13518: gcc -std=gnu99 -c -fvisibility=hidden -D_REENTRANT -D_XOPEN_SOURCE=600 -D_BSD_SOURCE  conftest.c >&5
configure:13524: $? = 0
configure:13545: result: yes
configure:13571: checking for stdlib.h
configure:13577: result: yes
configure:13711: checking for GNU libc compatible malloc
configure:13745: gcc -std=gnu99 -o conftest -fvisibility=hidden -D_REENTRANT -D_XOPEN_SOURCE=600 -D_BSD_SOURCE   conftest.c -lrt -lpthread -lm  >&5
configure:13748: $? = 0
configure:13754: ./conftest
configure:13757: $? = 0
configure:13773: result: yes
configure:13807: checking for stdlib.h
configure:13813: result: yes
configure:13807: checking for unistd.h
configure:13813: result: yes
configure:13951: checking for getpagesize
configure:14007: gcc -std=gnu99 -o conftest -fvisibility=hidden -D_REENTRANT -D_XOPEN_SOURCE=600 -D_BSD_SOURCE   conftest.c -lrt -lpthread -lm  >&5
configure:14013: $? = 0
configure:14031: result: yes
configure:14041: checking for working mmap
configure:14188: gcc -std=gnu99 -o conftest -fvisibility=hidden -D_REENTRANT -D_XOPEN_SOURCE=600 -D_BSD_SOURCE   conftest.c -lrt -lpthread -lm  >&5
configure:14191: $? = 0
configure:14197: ./conftest
configure:14200: $? = 0
configure:14216: result: yes
configure:14232: checking for stdlib.h
configure:14238: result: yes
configure:14372: checking for GNU libc compatible realloc
configure:14406: gcc -std=gnu99 -o conftest -fvisibility=hidden -D_REENTRANT -D_XOPEN_SOURCE=600 -D_BSD_SOURCE   conftest.c -lrt -lpthread -lm  >&5
configure:14409: $? = 0
configure:14415: ./conftest
configure:14418: $? = 0
configure:14434: result: yes
configure:14462: checking whether strerror_r is declared
configure:14491: gcc -std=gnu99 -c -fvisibility=hidden -D_REENTRANT -D_XOPEN_SOURCE=600 -D_BSD_SOURCE  conftest.c >&5
configure:14497: $? = 0
configure:14512: result: yes
configure:14534: checking for strerror_r
configure:14590: gcc -std=gnu99 -o conftest -fvisibility=hidden -D_REENTRANT -D_XOPEN_SOURCE=600 -D_BSD_SOURCE   conftest.c -lrt -lpthread -lm  >&5
configure:14596: $? = 0
configure:14614: result: yes
configure:14624: checking whether strerror_r returns char *
configure:14658: gcc -std=gnu99 -c -fvisibility=hidden -D_REENTRANT -D_XOPEN_SOURCE=600 -D_BSD_SOURCE  conftest.c >&5
conftest.c: In function 'main':
conftest.c:96:13: error: invalid type argument of unary '*' (have 'int')
conftest.c:97:14: warning: initialization makes pointer from integer without a cast [enabled by default]
configure:14664: $? = 1
configure: failed program was:
| /* confdefs.h.  */
| #define PACKAGE_NAME "OpenPGM"
| #define PACKAGE_TARNAME "openpgm"
| #define PACKAGE_VERSION "5.1.118"
| #define PACKAGE_STRING "OpenPGM 5.1.118"
| #define PACKAGE_BUGREPORT "openpgm-dev@googlegroups.com"
| #define STDC_HEADERS 1
| #define HAVE_SYS_TYPES_H 1
| #define HAVE_SYS_STAT_H 1
| #define HAVE_STDLIB_H 1
| #define HAVE_STRING_H 1
| #define HAVE_MEMORY_H 1
| #define HAVE_STRINGS_H 1
| #define HAVE_INTTYPES_H 1
| #define HAVE_STDINT_H 1
| #define HAVE_UNISTD_H 1
| #define HAVE_DLFCN_H 1
| #define LT_OBJDIR ".libs/"
| #define HAVE_ALLOCA_H 1
| #define HAVE_ALLOCA 1
| #define HAVE_ARPA_INET_H 1
| #define HAVE_FCNTL_H 1
| #define HAVE_FLOAT_H 1
| #define HAVE_INTTYPES_H 1
| #define HAVE_LIBINTL_H 1
| #define HAVE_LIMITS_H 1
| #define HAVE_LOCALE_H 1
| #define HAVE_MALLOC_H 1
| #define HAVE_MEMORY_H 1
| #define HAVE_NETDB_H 1
| #define HAVE_NETINET_IN_H 1
| #define HAVE_STDDEF_H 1
| #define HAVE_STDINT_H 1
| #define HAVE_STDLIB_H 1
| #define HAVE_STRING_H 1
| #define HAVE_STRINGS_H 1
| #define HAVE_SYS_IOCTL_H 1
| #define HAVE_SYS_PARAM_H 1
| #define HAVE_SYS_SOCKET_H 1
| #define HAVE_SYS_TIME_H 1
| #define HAVE_SYS_TIMEB_H 1
| #define HAVE_SYSLOG_H 1
| #define HAVE_UNISTD_H 1
| #define HAVE_WCHAR_H 1
| #define HAVE__BOOL 1
| #define HAVE_STDBOOL_H 1
| #define HAVE_STDLIB_H 1
| #define HAVE_MALLOC 1
| #define HAVE_STDLIB_H 1
| #define HAVE_UNISTD_H 1
| #define HAVE_GETPAGESIZE 1
| #define HAVE_MMAP 1
| #define HAVE_STDLIB_H 1
| #define HAVE_REALLOC 1
| #define HAVE_DECL_STRERROR_R 1
| #define HAVE_STRERROR_R 1
| /* end confdefs.h.  */
| #include <stdio.h>
| #ifdef HAVE_SYS_TYPES_H
| # include <sys/types.h>
| #endif
| #ifdef HAVE_SYS_STAT_H
| # include <sys/stat.h>
| #endif
| #ifdef STDC_HEADERS
| # include <stdlib.h>
| # include <stddef.h>
| #else
| # ifdef HAVE_STDLIB_H
| #  include <stdlib.h>
| # endif
| #endif
| #ifdef HAVE_STRING_H
| # if !defined STDC_HEADERS && defined HAVE_MEMORY_H
| #  include <memory.h>
| # endif
| # include <string.h>
| #endif
| #ifdef HAVE_STRINGS_H
| # include <strings.h>
| #endif
| #ifdef HAVE_INTTYPES_H
| # include <inttypes.h>
| #endif
| #ifdef HAVE_STDINT_H
| # include <stdint.h>
| #endif
| #ifdef HAVE_UNISTD_H
| # include <unistd.h>
| #endif
| int
| main ()
| {
| 
| 	  char buf[100];
| 	  char x = *strerror_r (0, buf, sizeof buf);
| 	  char *p = strerror_r (0, buf, sizeof buf);
| 	  return !p || x;
| 
|   ;
|   return 0;
| }
configure:14740: result: no
configure:14782: checking for atexit
configure:14838: gcc -std=gnu99 -o conftest -fvisibility=hidden -D_REENTRANT -D_XOPEN_SOURCE=600 -D_BSD_SOURCE   conftest.c -lrt -lpthread -lm  >&5
configure:14844: $? = 0
configure:14862: result: yes
configure:14782: checking for clock_gettime
configure:14838: gcc -std=gnu99 -o conftest -fvisibility=hidden -D_REENTRANT -D_XOPEN_SOURCE=600 -D_BSD_SOURCE   conftest.c -lrt -lpthread -lm  >&5
configure:14844: $? = 0
configure:14862: result: yes
configure:14782: checking for floor
configure:14838: gcc -std=gnu99 -o conftest -fvisibility=hidden -D_REENTRANT -D_XOPEN_SOURCE=600 -D_BSD_SOURCE   conftest.c -lrt -lpthread -lm  >&5
conftest.c:83:6: warning: conflicting types for built-in function 'floor' [enabled by default]
configure:14844: $? = 0
configure:14862: result: yes
configure:14782: checking for ftime
configure:14838: gcc -std=gnu99 -o conftest -fvisibility=hidden -D_REENTRANT -D_XOPEN_SOURCE=600 -D_BSD_SOURCE   conftest.c -lrt -lpthread -lm  >&5
configure:14844: $? = 0
configure:14862: result: yes
configure:14782: checking for gethostbyaddr
configure:14838: gcc -std=gnu99 -o conftest -fvisibility=hidden -D_REENTRANT -D_XOPEN_SOURCE=600 -D_BSD_SOURCE   conftest.c -lrt -lpthread -lm  >&5
configure:14844: $? = 0
configure:14862: result: yes
configure:14782: checking for gethostbyname
configure:14838: gcc -std=gnu99 -o conftest -fvisibility=hidden -D_REENTRANT -D_XOPEN_SOURCE=600 -D_BSD_SOURCE   conftest.c -lrt -lpthread -lm  >&5
configure:14844: $? = 0
configure:14862: result: yes
configure:14782: checking for gethostname
configure:14838: gcc -std=gnu99 -o conftest -fvisibility=hidden -D_REENTRANT -D_XOPEN_SOURCE=600 -D_BSD_SOURCE   conftest.c -lrt -lpthread -lm  >&5
configure:14844: $? = 0
configure:14862: result: yes
configure:14782: checking for gettimeofday
configure:14838: gcc -std=gnu99 -o conftest -fvisibility=hidden -D_REENTRANT -D_XOPEN_SOURCE=600 -D_BSD_SOURCE   conftest.c -lrt -lpthread -lm  >&5
configure:14844: $? = 0
configure:14862: result: yes
configure:14782: checking for inet_ntoa
configure:14838: gcc -std=gnu99 -o conftest -fvisibility=hidden -D_REENTRANT -D_XOPEN_SOURCE=600 -D_BSD_SOURCE   conftest.c -lrt -lpthread -lm  >&5
configure:14844: $? = 0
configure:14862: result: yes
configure:14782: checking for memmove
configure:14838: gcc -std=gnu99 -o conftest -fvisibility=hidden -D_REENTRANT -D_XOPEN_SOURCE=600 -D_BSD_SOURCE   conftest.c -lrt -lpthread -lm  >&5
conftest.c:90:6: warning: conflicting types for built-in function 'memmove' [enabled by default]
configure:14844: $? = 0
configure:14862: result: yes
configure:14782: checking for memset
configure:14838: gcc -std=gnu99 -o conftest -fvisibility=hidden -D_REENTRANT -D_XOPEN_SOURCE=600 -D_BSD_SOURCE   conftest.c -lrt -lpthread -lm  >&5
conftest.c:91:6: warning: conflicting types for built-in function 'memset' [enabled by default]
configure:14844: $? = 0
configure:14862: result: yes
configure:14782: checking for regcomp
configure:14838: gcc -std=gnu99 -o conftest -fvisibility=hidden -D_REENTRANT -D_XOPEN_SOURCE=600 -D_BSD_SOURCE   conftest.c -lrt -lpthread -lm  >&5
configure:14844: $? = 0
configure:14862: result: yes
configure:14782: checking for select
configure:14838: gcc -std=gnu99 -o conftest -fvisibility=hidden -D_REENTRANT -D_XOPEN_SOURCE=600 -D_BSD_SOURCE   conftest.c -lrt -lpthread -lm  >&5
configure:14844: $? = 0
configure:14862: result: yes
configure:14782: checking for setenv
configure:14838: gcc -std=gnu99 -o conftest -fvisibility=hidden -D_REENTRANT -D_XOPEN_SOURCE=600 -D_BSD_SOURCE   conftest.c -lrt -lpthread -lm  >&5
configure:14844: $? = 0
configure:14862: result: yes
configure:14782: checking for setlocale
configure:14838: gcc -std=gnu99 -o conftest -fvisibility=hidden -D_REENTRANT -D_XOPEN_SOURCE=600 -D_BSD_SOURCE   conftest.c -lrt -lpthread -lm  >&5
configure:14844: $? = 0
configure:14862: result: yes
configure:14782: checking for socket
configure:14838: gcc -std=gnu99 -o conftest -fvisibility=hidden -D_REENTRANT -D_XOPEN_SOURCE=600 -D_BSD_SOURCE   conftest.c -lrt -lpthread -lm  >&5
configure:14844: $? = 0
configure:14862: result: yes
configure:14782: checking for sqrt
configure:14838: gcc -std=gnu99 -o conftest -fvisibility=hidden -D_REENTRANT -D_XOPEN_SOURCE=600 -D_BSD_SOURCE   conftest.c -lrt -lpthread -lm  >&5
conftest.c:97:6: warning: conflicting types for built-in function 'sqrt' [enabled by default]
configure:14844: $? = 0
configure:14862: result: yes
configure:14782: checking for stpcpy
configure:14838: gcc -std=gnu99 -o conftest -fvisibility=hidden -D_REENTRANT -D_XOPEN_SOURCE=600 -D_BSD_SOURCE   conftest.c -lrt -lpthread -lm  >&5
conftest.c:98:6: warning: conflicting types for built-in function 'stpcpy' [enabled by default]
configure:14844: $? = 0
configure:14862: result: yes
configure:14782: checking for strcasecmp
configure:14838: gcc -std=gnu99 -o conftest -fvisibility=hidden -D_REENTRANT -D_XOPEN_SOURCE=600 -D_BSD_SOURCE   conftest.c -lrt -lpthread -lm  >&5
conftest.c:99:6: warning: conflicting types for built-in function 'strcasecmp' [enabled by default]
configure:14844: $? = 0
configure:14862: result: yes
configure:14782: checking for strchr
configure:14838: gcc -std=gnu99 -o conftest -fvisibility=hidden -D_REENTRANT -D_XOPEN_SOURCE=600 -D_BSD_SOURCE   conftest.c -lrt -lpthread -lm  >&5
conftest.c:100:6: warning: conflicting types for built-in function 'strchr' [enabled by default]
configure:14844: $? = 0
configure:14862: result: yes
configure:14782: checking for strdup
configure:14838: gcc -std=gnu99 -o conftest -fvisibility=hidden -D_REENTRANT -D_XOPEN_SOURCE=600 -D_BSD_SOURCE   conftest.c -lrt -lpthread -lm  >&5
conftest.c:101:6: warning: conflicting types for built-in function 'strdup' [enabled by default]
configure:14844: $? = 0
configure:14862: result: yes
configure:14782: checking for strerror
configure:14838: gcc -std=gnu99 -o conftest -fvisibility=hidden -D_REENTRANT -D_XOPEN_SOURCE=600 -D_BSD_SOURCE   conftest.c -lrt -lpthread -lm  >&5
configure:14844: $? = 0
configure:14862: result: yes
configure:14782: checking for strncasecmp
configure:14838: gcc -std=gnu99 -o conftest -fvisibility=hidden -D_REENTRANT -D_XOPEN_SOURCE=600 -D_BSD_SOURCE   conftest.c -lrt -lpthread -lm  >&5
conftest.c:103:6: warning: conflicting types for built-in function 'strncasecmp' [enabled by default]
configure:14844: $? = 0
configure:14862: result: yes
configure:14782: checking for strpbrk
configure:14838: gcc -std=gnu99 -o conftest -fvisibility=hidden -D_REENTRANT -D_XOPEN_SOURCE=600 -D_BSD_SOURCE   conftest.c -lrt -lpthread -lm  >&5
conftest.c:104:6: warning: conflicting types for built-in function 'strpbrk' [enabled by default]
configure:14844: $? = 0
configure:14862: result: yes
configure:14782: checking for strrchr
configure:14838: gcc -std=gnu99 -o conftest -fvisibility=hidden -D_REENTRANT -D_XOPEN_SOURCE=600 -D_BSD_SOURCE   conftest.c -lrt -lpthread -lm  >&5
conftest.c:105:6: warning: conflicting types for built-in function 'strrchr' [enabled by default]
configure:14844: $? = 0
configure:14862: result: yes
configure:14782: checking for strstr
configure:14838: gcc -std=gnu99 -o conftest -fvisibility=hidden -D_REENTRANT -D_XOPEN_SOURCE=600 -D_BSD_SOURCE   conftest.c -lrt -lpthread -lm  >&5
conftest.c:106:6: warning: conflicting types for built-in function 'strstr' [enabled by default]
configure:14844: $? = 0
configure:14862: result: yes
configure:14782: checking for strtol
configure:14838: gcc -std=gnu99 -o conftest -fvisibility=hidden -D_REENTRANT -D_XOPEN_SOURCE=600 -D_BSD_SOURCE   conftest.c -lrt -lpthread -lm  >&5
configure:14844: $? = 0
configure:14862: result: yes
configure:14782: checking for strtoul
configure:14838: gcc -std=gnu99 -o conftest -fvisibility=hidden -D_REENTRANT -D_XOPEN_SOURCE=600 -D_BSD_SOURCE   conftest.c -lrt -lpthread -lm  >&5
configure:14844: $? = 0
configure:14862: result: yes
configure:14782: checking for strtoull
configure:14838: gcc -std=gnu99 -o conftest -fvisibility=hidden -D_REENTRANT -D_XOPEN_SOURCE=600 -D_BSD_SOURCE   conftest.c -lrt -lpthread -lm  >&5
configure:14844: $? = 0
configure:14862: result: yes
configure:14874: checking for pthread_spinlock
configure:14897: gcc -std=gnu99 -c -fvisibility=hidden -D_REENTRANT -D_XOPEN_SOURCE=600 -D_BSD_SOURCE  conftest.c >&5
configure:14903: $? = 0
configure:14908: result: yes
configure:14921: checking for getprotobyname_r
configure:14977: gcc -std=gnu99 -o conftest -fvisibility=hidden -D_REENTRANT -D_XOPEN_SOURCE=600 -D_BSD_SOURCE -DCONFIG_HAVE_POSIX_SPINLOCK   conftest.c -lrt -lpthread -lm  >&5
configure:14983: $? = 0
configure:15000: result: yes
configure:15004: checking for 4- or 5-param getprotobyname_r
configure:15027: gcc -std=gnu99 -c -fvisibility=hidden -D_REENTRANT -D_XOPEN_SOURCE=600 -D_BSD_SOURCE -DCONFIG_HAVE_POSIX_SPINLOCK  conftest.c >&5
configure:15033: $? = 0
configure:15038: result: 5-param
configure:15053: checking for getnetent
configure:15109: gcc -std=gnu99 -o conftest -fvisibility=hidden -D_REENTRANT -D_XOPEN_SOURCE=600 -D_BSD_SOURCE -DCONFIG_HAVE_POSIX_SPINLOCK -DCONFIG_HAVE_GETPROTOBYNAME_R2   conftest.c -lrt -lpthread -lm  >&5
configure:15115: $? = 0
configure:15132: result: yes
configure:15139: checking for C99 variadic macros
configure:15163: gcc -std=gnu99 -c -fvisibility=hidden -D_REENTRANT -D_XOPEN_SOURCE=600 -D_BSD_SOURCE -DCONFIG_HAVE_POSIX_SPINLOCK -DCONFIG_HAVE_GETPROTOBYNAME_R2 -DCONFIG_HAVE_GETNETENT  conftest.c >&5
configure:15169: $? = 0
configure:15174: result: yes
configure:15186: checking for GNU-style variadic macros
configure:15210: gcc -std=gnu99 -c -fvisibility=hidden -D_REENTRANT -D_XOPEN_SOURCE=600 -D_BSD_SOURCE -DCONFIG_HAVE_POSIX_SPINLOCK -DCONFIG_HAVE_GETPROTOBYNAME_R2 -DCONFIG_HAVE_GETNETENT -DCONFIG_HAVE_ISO_VARARGS  conftest.c >&5
configure:15216: $? = 0
configure:15221: result: yes
configure:15234: checking for alloca.h
configure:15257: gcc -std=gnu99 -c -fvisibility=hidden -D_REENTRANT -D_XOPEN_SOURCE=600 -D_BSD_SOURCE -DCONFIG_HAVE_POSIX_SPINLOCK -DCONFIG_HAVE_GETPROTOBYNAME_R2 -DCONFIG_HAVE_GETNETENT -DCONFIG_HAVE_ISO_VARARGS -DCONFIG_HAVE_GNUC_VARARGS  conftest.c >&5
configure:15263: $? = 0
configure:15268: result: yes
configure:15281: checking for eventfd
configure:15304: gcc -std=gnu99 -c -fvisibility=hidden -D_REENTRANT -D_XOPEN_SOURCE=600 -D_BSD_SOURCE -DCONFIG_HAVE_POSIX_SPINLOCK -DCONFIG_HAVE_GETPROTOBYNAME_R2 -DCONFIG_HAVE_GETNETENT -DCONFIG_HAVE_ISO_VARARGS -DCONFIG_HAVE_GNUC_VARARGS -DCONFIG_HAVE_ALLOCA_H  conftest.c >&5
configure:15310: $? = 0
configure:15315: result: yes
configure:15328: checking for /proc/cpuinfo
configure:15343: result: yes
configure:15350: checking for backtrace
configure:15406: gcc -std=gnu99 -o conftest -fvisibility=hidden -D_REENTRANT -D_XOPEN_SOURCE=600 -D_BSD_SOURCE -DCONFIG_HAVE_POSIX_SPINLOCK -DCONFIG_HAVE_GETPROTOBYNAME_R2 -DCONFIG_HAVE_GETNETENT -DCONFIG_HAVE_ISO_VARARGS -DCONFIG_HAVE_GNUC_VARARGS -DCONFIG_HAVE_ALLOCA_H -DCONFIG_HAVE_EVENTFD -DCONFIG_HAVE_PROC   conftest.c -lrt -lpthread -lm  >&5
configure:15412: $? = 0
configure:15429: result: yes
configure:15436: checking for pselect
configure:15492: gcc -std=gnu99 -o conftest -fvisibility=hidden -D_REENTRANT -D_XOPEN_SOURCE=600 -D_BSD_SOURCE -DCONFIG_HAVE_POSIX_SPINLOCK -DCONFIG_HAVE_GETPROTOBYNAME_R2 -DCONFIG_HAVE_GETNETENT -DCONFIG_HAVE_ISO_VARARGS -DCONFIG_HAVE_GNUC_VARARGS -DCONFIG_HAVE_ALLOCA_H -DCONFIG_HAVE_EVENTFD -DCONFIG_HAVE_PROC -DCONFIG_HAVE_BACKTRACE   conftest.c -lrt -lpthread -lm  >&5
configure:15498: $? = 0
configure:15515: result: yes
configure:15521: checking for /dev/rtc
configure:15536: result: no
configure:15542: checking for RDTSC instruction
configure:15572: gcc -std=gnu99 -c -fvisibility=hidden -D_REENTRANT -D_XOPEN_SOURCE=600 -D_BSD_SOURCE -DCONFIG_HAVE_POSIX_SPINLOCK -DCONFIG_HAVE_GETPROTOBYNAME_R2 -DCONFIG_HAVE_GETNETENT -DCONFIG_HAVE_ISO_VARARGS -DCONFIG_HAVE_GNUC_VARARGS -DCONFIG_HAVE_ALLOCA_H -DCONFIG_HAVE_EVENTFD -DCONFIG_HAVE_PROC -DCONFIG_HAVE_BACKTRACE -DCONFIG_HAVE_PSELECT  conftest.c >&5
configure:15578: $? = 0
configure:15583: result: yes
configure:15597: checking for /dev/hpet
configure:15612: result: no
configure:15619: checking for poll
configure:15675: gcc -std=gnu99 -o conftest -fvisibility=hidden -D_REENTRANT -D_XOPEN_SOURCE=600 -D_BSD_SOURCE -DCONFIG_HAVE_POSIX_SPINLOCK -DCONFIG_HAVE_GETPROTOBYNAME_R2 -DCONFIG_HAVE_GETNETENT -DCONFIG_HAVE_ISO_VARARGS -DCONFIG_HAVE_GNUC_VARARGS -DCONFIG_HAVE_ALLOCA_H -DCONFIG_HAVE_EVENTFD -DCONFIG_HAVE_PROC -DCONFIG_HAVE_BACKTRACE -DCONFIG_HAVE_PSELECT -DCONFIG_HAVE_TSC   conftest.c -lrt -lpthread -lm  >&5
configure:15681: $? = 0
configure:15698: result: yes
configure:15704: checking for epoll_ctl
configure:15760: gcc -std=gnu99 -o conftest -fvisibility=hidden -D_REENTRANT -D_XOPEN_SOURCE=600 -D_BSD_SOURCE -DCONFIG_HAVE_POSIX_SPINLOCK -DCONFIG_HAVE_GETPROTOBYNAME_R2 -DCONFIG_HAVE_GETNETENT -DCONFIG_HAVE_ISO_VARARGS -DCONFIG_HAVE_GNUC_VARARGS -DCONFIG_HAVE_ALLOCA_H -DCONFIG_HAVE_EVENTFD -DCONFIG_HAVE_PROC -DCONFIG_HAVE_BACKTRACE -DCONFIG_HAVE_PSELECT -DCONFIG_HAVE_TSC -DCONFIG_HAVE_POLL   conftest.c -lrt -lpthread -lm  >&5
configure:15766: $? = 0
configure:15783: result: yes
configure:15790: checking for getifaddrs
configure:15846: gcc -std=gnu99 -o conftest -fvisibility=hidden -D_REENTRANT -D_XOPEN_SOURCE=600 -D_BSD_SOURCE -DCONFIG_HAVE_POSIX_SPINLOCK -DCONFIG_HAVE_GETPROTOBYNAME_R2 -DCONFIG_HAVE_GETNETENT -DCONFIG_HAVE_ISO_VARARGS -DCONFIG_HAVE_GNUC_VARARGS -DCONFIG_HAVE_ALLOCA_H -DCONFIG_HAVE_EVENTFD -DCONFIG_HAVE_PROC -DCONFIG_HAVE_BACKTRACE -DCONFIG_HAVE_PSELECT -DCONFIG_HAVE_TSC -DCONFIG_HAVE_POLL -DCONFIG_HAVE_EPOLL   conftest.c -lrt -lpthread -lm  >&5
configure:15852: $? = 0
configure:15869: result: yes
configure:15875: checking for struct ifreq.ifr_netmask
configure:15900: gcc -std=gnu99 -c -fvisibility=hidden -D_REENTRANT -D_XOPEN_SOURCE=600 -D_BSD_SOURCE -DCONFIG_HAVE_POSIX_SPINLOCK -DCONFIG_HAVE_GETPROTOBYNAME_R2 -DCONFIG_HAVE_GETNETENT -DCONFIG_HAVE_ISO_VARARGS -DCONFIG_HAVE_GNUC_VARARGS -DCONFIG_HAVE_ALLOCA_H -DCONFIG_HAVE_EVENTFD -DCONFIG_HAVE_PROC -DCONFIG_HAVE_BACKTRACE -DCONFIG_HAVE_PSELECT -DCONFIG_HAVE_TSC -DCONFIG_HAVE_POLL -DCONFIG_HAVE_EPOLL -DCONFIG_HAVE_GETIFADDRS  conftest.c >&5
configure:15906: $? = 0
configure:15911: result: yes
configure:15924: checking for struct _WSAMSG.name
configure:15952: gcc -std=gnu99 -c -fvisibility=hidden -D_REENTRANT -D_XOPEN_SOURCE=600 -D_BSD_SOURCE -DCONFIG_HAVE_POSIX_SPINLOCK -DCONFIG_HAVE_GETPROTOBYNAME_R2 -DCONFIG_HAVE_GETNETENT -DCONFIG_HAVE_ISO_VARARGS -DCONFIG_HAVE_GNUC_VARARGS -DCONFIG_HAVE_ALLOCA_H -DCONFIG_HAVE_EVENTFD -DCONFIG_HAVE_PROC -DCONFIG_HAVE_BACKTRACE -DCONFIG_HAVE_PSELECT -DCONFIG_HAVE_TSC -DCONFIG_HAVE_POLL -DCONFIG_HAVE_EPOLL -DCONFIG_HAVE_GETIFADDRS -DCONFIG_HAVE_IFR_NETMASK  conftest.c >&5
conftest.c: In function 'main':
conftest.c:123:23: error: storage size of 'ac_aggr' isn't known
configure:15958: $? = 1
configure: failed program was:
| /* confdefs.h.  */
| #define PACKAGE_NAME "OpenPGM"
| #define PACKAGE_TARNAME "openpgm"
| #define PACKAGE_VERSION "5.1.118"
| #define PACKAGE_STRING "OpenPGM 5.1.118"
| #define PACKAGE_BUGREPORT "openpgm-dev@googlegroups.com"
| #define STDC_HEADERS 1
| #define HAVE_SYS_TYPES_H 1
| #define HAVE_SYS_STAT_H 1
| #define HAVE_STDLIB_H 1
| #define HAVE_STRING_H 1
| #define HAVE_MEMORY_H 1
| #define HAVE_STRINGS_H 1
| #define HAVE_INTTYPES_H 1
| #define HAVE_STDINT_H 1
| #define HAVE_UNISTD_H 1
| #define HAVE_DLFCN_H 1
| #define LT_OBJDIR ".libs/"
| #define HAVE_ALLOCA_H 1
| #define HAVE_ALLOCA 1
| #define HAVE_ARPA_INET_H 1
| #define HAVE_FCNTL_H 1
| #define HAVE_FLOAT_H 1
| #define HAVE_INTTYPES_H 1
| #define HAVE_LIBINTL_H 1
| #define HAVE_LIMITS_H 1
| #define HAVE_LOCALE_H 1
| #define HAVE_MALLOC_H 1
| #define HAVE_MEMORY_H 1
| #define HAVE_NETDB_H 1
| #define HAVE_NETINET_IN_H 1
| #define HAVE_STDDEF_H 1
| #define HAVE_STDINT_H 1
| #define HAVE_STDLIB_H 1
| #define HAVE_STRING_H 1
| #define HAVE_STRINGS_H 1
| #define HAVE_SYS_IOCTL_H 1
| #define HAVE_SYS_PARAM_H 1
| #define HAVE_SYS_SOCKET_H 1
| #define HAVE_SYS_TIME_H 1
| #define HAVE_SYS_TIMEB_H 1
| #define HAVE_SYSLOG_H 1
| #define HAVE_UNISTD_H 1
| #define HAVE_WCHAR_H 1
| #define HAVE__BOOL 1
| #define HAVE_STDBOOL_H 1
| #define HAVE_STDLIB_H 1
| #define HAVE_MALLOC 1
| #define HAVE_STDLIB_H 1
| #define HAVE_UNISTD_H 1
| #define HAVE_GETPAGESIZE 1
| #define HAVE_MMAP 1
| #define HAVE_STDLIB_H 1
| #define HAVE_REALLOC 1
| #define HAVE_DECL_STRERROR_R 1
| #define HAVE_STRERROR_R 1
| #define HAVE_ATEXIT 1
| #define HAVE_CLOCK_GETTIME 1
| #define HAVE_FLOOR 1
| #define HAVE_FTIME 1
| #define HAVE_GETHOSTBYADDR 1
| #define HAVE_GETHOSTBYNAME 1
| #define HAVE_GETHOSTNAME 1
| #define HAVE_GETTIMEOFDAY 1
| #define HAVE_INET_NTOA 1
| #define HAVE_MEMMOVE 1
| #define HAVE_MEMSET 1
| #define HAVE_REGCOMP 1
| #define HAVE_SELECT 1
| #define HAVE_SETENV 1
| #define HAVE_SETLOCALE 1
| #define HAVE_SOCKET 1
| #define HAVE_SQRT 1
| #define HAVE_STPCPY 1
| #define HAVE_STRCASECMP 1
| #define HAVE_STRCHR 1
| #define HAVE_STRDUP 1
| #define HAVE_STRERROR 1
| #define HAVE_STRNCASECMP 1
| #define HAVE_STRPBRK 1
| #define HAVE_STRRCHR 1
| #define HAVE_STRSTR 1
| #define HAVE_STRTOL 1
| #define HAVE_STRTOUL 1
| #define HAVE_STRTOULL 1
| /* end confdefs.h.  */
| #include <stdio.h>
| #ifdef HAVE_SYS_TYPES_H
| # include <sys/types.h>
| #endif
| #ifdef HAVE_SYS_STAT_H
| # include <sys/stat.h>
| #endif
| #ifdef STDC_HEADERS
| # include <stdlib.h>
| # include <stddef.h>
| #else
| # ifdef HAVE_STDLIB_H
| #  include <stdlib.h>
| # endif
| #endif
| #ifdef HAVE_STRING_H
| # if !defined STDC_HEADERS && defined HAVE_MEMORY_H
| #  include <memory.h>
| # endif
| # include <string.h>
| #endif
| #ifdef HAVE_STRINGS_H
| # include <strings.h>
| #endif
| #ifdef HAVE_INTTYPES_H
| # include <inttypes.h>
| #endif
| #ifdef HAVE_STDINT_H
| # include <stdint.h>
| #endif
| #ifdef HAVE_UNISTD_H
| # include <unistd.h>
| #endif
| int
| main ()
| {
| static struct _WSAMSG ac_aggr;
| if (ac_aggr.name)
| return 0;
|   ;
|   return 0;
| }
configure:15991: gcc -std=gnu99 -c -fvisibility=hidden -D_REENTRANT -D_XOPEN_SOURCE=600 -D_BSD_SOURCE -DCONFIG_HAVE_POSIX_SPINLOCK -DCONFIG_HAVE_GETPROTOBYNAME_R2 -DCONFIG_HAVE_GETNETENT -DCONFIG_HAVE_ISO_VARARGS -DCONFIG_HAVE_GNUC_VARARGS -DCONFIG_HAVE_ALLOCA_H -DCONFIG_HAVE_EVENTFD -DCONFIG_HAVE_PROC -DCONFIG_HAVE_BACKTRACE -DCONFIG_HAVE_PSELECT -DCONFIG_HAVE_TSC -DCONFIG_HAVE_POLL -DCONFIG_HAVE_EPOLL -DCONFIG_HAVE_GETIFADDRS -DCONFIG_HAVE_IFR_NETMASK  conftest.c >&5
conftest.c: In function 'main':
conftest.c:123:23: error: storage size of 'ac_aggr' isn't known
configure:15997: $? = 1
configure: failed program was:
| /* confdefs.h.  */
| #define PACKAGE_NAME "OpenPGM"
| #define PACKAGE_TARNAME "openpgm"
| #define PACKAGE_VERSION "5.1.118"
| #define PACKAGE_STRING "OpenPGM 5.1.118"
| #define PACKAGE_BUGREPORT "openpgm-dev@googlegroups.com"
| #define STDC_HEADERS 1
| #define HAVE_SYS_TYPES_H 1
| #define HAVE_SYS_STAT_H 1
| #define HAVE_STDLIB_H 1
| #define HAVE_STRING_H 1
| #define HAVE_MEMORY_H 1
| #define HAVE_STRINGS_H 1
| #define HAVE_INTTYPES_H 1
| #define HAVE_STDINT_H 1
| #define HAVE_UNISTD_H 1
| #define HAVE_DLFCN_H 1
| #define LT_OBJDIR ".libs/"
| #define HAVE_ALLOCA_H 1
| #define HAVE_ALLOCA 1
| #define HAVE_ARPA_INET_H 1
| #define HAVE_FCNTL_H 1
| #define HAVE_FLOAT_H 1
| #define HAVE_INTTYPES_H 1
| #define HAVE_LIBINTL_H 1
| #define HAVE_LIMITS_H 1
| #define HAVE_LOCALE_H 1
| #define HAVE_MALLOC_H 1
| #define HAVE_MEMORY_H 1
| #define HAVE_NETDB_H 1
| #define HAVE_NETINET_IN_H 1
| #define HAVE_STDDEF_H 1
| #define HAVE_STDINT_H 1
| #define HAVE_STDLIB_H 1
| #define HAVE_STRING_H 1
| #define HAVE_STRINGS_H 1
| #define HAVE_SYS_IOCTL_H 1
| #define HAVE_SYS_PARAM_H 1
| #define HAVE_SYS_SOCKET_H 1
| #define HAVE_SYS_TIME_H 1
| #define HAVE_SYS_TIMEB_H 1
| #define HAVE_SYSLOG_H 1
| #define HAVE_UNISTD_H 1
| #define HAVE_WCHAR_H 1
| #define HAVE__BOOL 1
| #define HAVE_STDBOOL_H 1
| #define HAVE_STDLIB_H 1
| #define HAVE_MALLOC 1
| #define HAVE_STDLIB_H 1
| #define HAVE_UNISTD_H 1
| #define HAVE_GETPAGESIZE 1
| #define HAVE_MMAP 1
| #define HAVE_STDLIB_H 1
| #define HAVE_REALLOC 1
| #define HAVE_DECL_STRERROR_R 1
| #define HAVE_STRERROR_R 1
| #define HAVE_ATEXIT 1
| #define HAVE_CLOCK_GETTIME 1
| #define HAVE_FLOOR 1
| #define HAVE_FTIME 1
| #define HAVE_GETHOSTBYADDR 1
| #define HAVE_GETHOSTBYNAME 1
| #define HAVE_GETHOSTNAME 1
| #define HAVE_GETTIMEOFDAY 1
| #define HAVE_INET_NTOA 1
| #define HAVE_MEMMOVE 1
| #define HAVE_MEMSET 1
| #define HAVE_REGCOMP 1
| #define HAVE_SELECT 1
| #define HAVE_SETENV 1
| #define HAVE_SETLOCALE 1
| #define HAVE_SOCKET 1
| #define HAVE_SQRT 1
| #define HAVE_STPCPY 1
| #define HAVE_STRCASECMP 1
| #define HAVE_STRCHR 1
| #define HAVE_STRDUP 1
| #define HAVE_STRERROR 1
| #define HAVE_STRNCASECMP 1
| #define HAVE_STRPBRK 1
| #define HAVE_STRRCHR 1
| #define HAVE_STRSTR 1
| #define HAVE_STRTOL 1
| #define HAVE_STRTOUL 1
| #define HAVE_STRTOULL 1
| /* end confdefs.h.  */
| #include <stdio.h>
| #ifdef HAVE_SYS_TYPES_H
| # include <sys/types.h>
| #endif
| #ifdef HAVE_SYS_STAT_H
| # include <sys/stat.h>
| #endif
| #ifdef STDC_HEADERS
| # include <stdlib.h>
| # include <stddef.h>
| #else
| # ifdef HAVE_STDLIB_H
| #  include <stdlib.h>
| # endif
| #endif
| #ifdef HAVE_STRING_H
| # if !defined STDC_HEADERS && defined HAVE_MEMORY_H
| #  include <memory.h>
| # endif
| # include <string.h>
| #endif
| #ifdef HAVE_STRINGS_H
| # include <strings.h>
| #endif
| #ifdef HAVE_INTTYPES_H
| # include <inttypes.h>
| #endif
| #ifdef HAVE_STDINT_H
| # include <stdint.h>
| #endif
| #ifdef HAVE_UNISTD_H
| # include <unistd.h>
| #endif
| int
| main ()
| {
| static struct _WSAMSG ac_aggr;
| if (sizeof ac_aggr.name)
| return 0;
|   ;
|   return 0;
| }
configure:16015: result: no
configure:16022: checking for struct group_req.gr_interface
configure:16046: gcc -std=gnu99 -c -fvisibility=hidden -D_REENTRANT -D_XOPEN_SOURCE=600 -D_BSD_SOURCE -DCONFIG_HAVE_POSIX_SPINLOCK -DCONFIG_HAVE_GETPROTOBYNAME_R2 -DCONFIG_HAVE_GETNETENT -DCONFIG_HAVE_ISO_VARARGS -DCONFIG_HAVE_GNUC_VARARGS -DCONFIG_HAVE_ALLOCA_H -DCONFIG_HAVE_EVENTFD -DCONFIG_HAVE_PROC -DCONFIG_HAVE_BACKTRACE -DCONFIG_HAVE_PSELECT -DCONFIG_HAVE_TSC -DCONFIG_HAVE_POLL -DCONFIG_HAVE_EPOLL -DCONFIG_HAVE_GETIFADDRS -DCONFIG_HAVE_IFR_NETMASK  conftest.c >&5
configure:16052: $? = 0
configure:16057: result: yes
configure:16069: checking for struct ip_mreqn.imr_ifindex
configure:16093: gcc -std=gnu99 -c -fvisibility=hidden -D_REENTRANT -D_XOPEN_SOURCE=600 -D_BSD_SOURCE -DCONFIG_HAVE_POSIX_SPINLOCK -DCONFIG_HAVE_GETPROTOBYNAME_R2 -DCONFIG_HAVE_GETNETENT -DCONFIG_HAVE_ISO_VARARGS -DCONFIG_HAVE_GNUC_VARARGS -DCONFIG_HAVE_ALLOCA_H -DCONFIG_HAVE_EVENTFD -DCONFIG_HAVE_PROC -DCONFIG_HAVE_BACKTRACE -DCONFIG_HAVE_PSELECT -DCONFIG_HAVE_TSC -DCONFIG_HAVE_POLL -DCONFIG_HAVE_EPOLL -DCONFIG_HAVE_GETIFADDRS -DCONFIG_HAVE_IFR_NETMASK -DCONFIG_HAVE_MCAST_JOIN  conftest.c >&5
configure:16099: $? = 0
configure:16104: result: yes
configure:16117: checking for printf thousands' grouping
configure:16140: gcc -std=gnu99 -c -fvisibility=hidden -D_REENTRANT -D_XOPEN_SOURCE=600 -D_BSD_SOURCE -DCONFIG_HAVE_POSIX_SPINLOCK -DCONFIG_HAVE_GETPROTOBYNAME_R2 -DCONFIG_HAVE_GETNETENT -DCONFIG_HAVE_ISO_VARARGS -DCONFIG_HAVE_GNUC_VARARGS -DCONFIG_HAVE_ALLOCA_H -DCONFIG_HAVE_EVENTFD -DCONFIG_HAVE_PROC -DCONFIG_HAVE_BACKTRACE -DCONFIG_HAVE_PSELECT -DCONFIG_HAVE_TSC -DCONFIG_HAVE_POLL -DCONFIG_HAVE_EPOLL -DCONFIG_HAVE_GETIFADDRS -DCONFIG_HAVE_IFR_NETMASK -DCONFIG_HAVE_MCAST_JOIN -DCONFIG_HAVE_IP_MREQN  conftest.c >&5
conftest.c: In function 'main':
conftest.c:91:1: warning: implicit declaration of function 'printf' [-Wimplicit-function-declaration]
conftest.c:91:1: warning: incompatible implicit declaration of built-in function 'printf' [enabled by default]
configure:16146: $? = 0
configure:16151: result: yes
configure:16163: checking for vasprintf
configure:16219: gcc -std=gnu99 -o conftest -fvisibility=hidden -D_REENTRANT -D_XOPEN_SOURCE=600 -D_BSD_SOURCE -DCONFIG_HAVE_POSIX_SPINLOCK -DCONFIG_HAVE_GETPROTOBYNAME_R2 -DCONFIG_HAVE_GETNETENT -DCONFIG_HAVE_ISO_VARARGS -DCONFIG_HAVE_GNUC_VARARGS -DCONFIG_HAVE_ALLOCA_H -DCONFIG_HAVE_EVENTFD -DCONFIG_HAVE_PROC -DCONFIG_HAVE_BACKTRACE -DCONFIG_HAVE_PSELECT -DCONFIG_HAVE_TSC -DCONFIG_HAVE_POLL -DCONFIG_HAVE_EPOLL -DCONFIG_HAVE_GETIFADDRS -DCONFIG_HAVE_IFR_NETMASK -DCONFIG_HAVE_MCAST_JOIN -DCONFIG_HAVE_IP_MREQN -DCONFIG_HAVE_SPRINTF_GROUPING   conftest.c -lrt -lpthread -lm  >&5
configure:16225: $? = 0
configure:16242: result: yes
configure:16253: checking for hidden visibility attribute
configure:16281: gcc -std=gnu99 -c -fvisibility=hidden -D_REENTRANT -D_XOPEN_SOURCE=600 -D_BSD_SOURCE -DCONFIG_HAVE_POSIX_SPINLOCK -DCONFIG_HAVE_GETPROTOBYNAME_R2 -DCONFIG_HAVE_GETNETENT -DCONFIG_HAVE_ISO_VARARGS -DCONFIG_HAVE_GNUC_VARARGS -DCONFIG_HAVE_ALLOCA_H -DCONFIG_HAVE_EVENTFD -DCONFIG_HAVE_PROC -DCONFIG_HAVE_BACKTRACE -DCONFIG_HAVE_PSELECT -DCONFIG_HAVE_TSC -DCONFIG_HAVE_POLL -DCONFIG_HAVE_EPOLL -DCONFIG_HAVE_GETIFADDRS -DCONFIG_HAVE_IFR_NETMASK -DCONFIG_HAVE_MCAST_JOIN -DCONFIG_HAVE_IP_MREQN -DCONFIG_HAVE_SPRINTF_GROUPING -DCONFIG_HAVE_VASPRINTF -Werror  conftest.c >&5
configure:16287: $? = 0
configure:16292: result: yes
configure:16309: checking for raw IP sockets ip_{len,off} host byte ordering
configure:16322: result: no
configure:16384: checking for unaligned pointers
configure:16414: gcc -std=gnu99 -o conftest -fvisibility=hidden -D_REENTRANT -D_XOPEN_SOURCE=600 -D_BSD_SOURCE -DCONFIG_HAVE_POSIX_SPINLOCK -DCONFIG_HAVE_GETPROTOBYNAME_R2 -DCONFIG_HAVE_GETNETENT -DCONFIG_HAVE_ISO_VARARGS -DCONFIG_HAVE_GNUC_VARARGS -DCONFIG_HAVE_ALLOCA_H -DCONFIG_HAVE_EVENTFD -DCONFIG_HAVE_PROC -DCONFIG_HAVE_BACKTRACE -DCONFIG_HAVE_PSELECT -DCONFIG_HAVE_TSC -DCONFIG_HAVE_POLL -DCONFIG_HAVE_EPOLL -DCONFIG_HAVE_GETIFADDRS -DCONFIG_HAVE_IFR_NETMASK -DCONFIG_HAVE_MCAST_JOIN -DCONFIG_HAVE_IP_MREQN -DCONFIG_HAVE_SPRINTF_GROUPING -DCONFIG_HAVE_VASPRINTF -DCONFIG_HAVE_DSO_VISIBILITY -DCONFIG_BIND_INADDR_ANY   conftest.c -lrt -lpthread -lm  >&5
configure:16417: $? = 0
configure:16423: ./conftest
configure:16426: $? = 0
configure:16428: result: yes
configure:16445: checking for intrinsic atomic ops
configure:16474: gcc -std=gnu99 -c -fvisibility=hidden -D_REENTRANT -D_XOPEN_SOURCE=600 -D_BSD_SOURCE -DCONFIG_HAVE_POSIX_SPINLOCK -DCONFIG_HAVE_GETPROTOBYNAME_R2 -DCONFIG_HAVE_GETNETENT -DCONFIG_HAVE_ISO_VARARGS -DCONFIG_HAVE_GNUC_VARARGS -DCONFIG_HAVE_ALLOCA_H -DCONFIG_HAVE_EVENTFD -DCONFIG_HAVE_PROC -DCONFIG_HAVE_BACKTRACE -DCONFIG_HAVE_PSELECT -DCONFIG_HAVE_TSC -DCONFIG_HAVE_POLL -DCONFIG_HAVE_EPOLL -DCONFIG_HAVE_GETIFADDRS -DCONFIG_HAVE_IFR_NETMASK -DCONFIG_HAVE_MCAST_JOIN -DCONFIG_HAVE_IP_MREQN -DCONFIG_HAVE_SPRINTF_GROUPING -DCONFIG_HAVE_VASPRINTF -DCONFIG_HAVE_DSO_VISIBILITY -DCONFIG_BIND_INADDR_ANY  conftest.c >&5
configure:16480: $? = 0
configure:16485: result: yes
configure:16648: creating ./config.status

## ---------------------- ##
## Running config.status. ##
## ---------------------- ##

This file was extended by OpenPGM config.status 5.1.118, which was
generated by GNU Autoconf 2.61.  Invocation command line was

  CONFIG_FILES    = 
  CONFIG_HEADERS  = 
  CONFIG_LINKS    = 
  CONFIG_COMMANDS = 
  $ ./config.status 

on alex-ubuntu

config.status:840: creating Makefile
config.status:840: creating openpgm-5.1.pc
config.status:840: creating openpgm.spec
config.status:1031: executing depfiles commands
config.status:1031: executing libtool commands

## ---------------- ##
## Cache variables. ##
## ---------------- ##

ac_cv_build=i686-pc-linux-gnu
ac_cv_c_compiler_gnu=yes
ac_cv_c_inline=inline
ac_cv_c_int16_t=yes
ac_cv_c_int32_t=yes
ac_cv_c_int64_t=yes
ac_cv_c_int8_t=yes
ac_cv_c_restrict=restrict
ac_cv_c_uint16_t=yes
ac_cv_c_uint32_t=yes
ac_cv_c_uint64_t=yes
ac_cv_c_uint8_t=yes
ac_cv_env_CC_set=
ac_cv_env_CC_value=
ac_cv_env_CFLAGS_set=set
ac_cv_env_CFLAGS_value=-fvisibility=hidden
ac_cv_env_CPPFLAGS_set=
ac_cv_env_CPPFLAGS_value=
ac_cv_env_CPP_set=
ac_cv_env_CPP_value=
ac_cv_env_LDFLAGS_set=
ac_cv_env_LDFLAGS_value=
ac_cv_env_LIBS_set=
ac_cv_env_LIBS_value=
ac_cv_env_build_alias_set=
ac_cv_env_build_alias_value=
ac_cv_env_host_alias_set=
ac_cv_env_host_alias_value=
ac_cv_env_target_alias_set=
ac_cv_env_target_alias_value=
ac_cv_file__dev_hpet=no
ac_cv_file__dev_rtc=no
ac_cv_file__proc_cpuinfo=yes
ac_cv_func_alloca_works=yes
ac_cv_func_atexit=yes
ac_cv_func_backtrace=yes
ac_cv_func_clock_gettime=yes
ac_cv_func_epoll_ctl=yes
ac_cv_func_floor=yes
ac_cv_func_ftime=yes
ac_cv_func_gethostbyaddr=yes
ac_cv_func_gethostbyname=yes
ac_cv_func_gethostname=yes
ac_cv_func_getifaddrs=yes
ac_cv_func_getnetent=yes
ac_cv_func_getpagesize=yes
ac_cv_func_getprotobyname_r=yes
ac_cv_func_gettimeofday=yes
ac_cv_func_inet_ntoa=yes
ac_cv_func_malloc_0_nonnull=yes
ac_cv_func_memmove=yes
ac_cv_func_memset=yes
ac_cv_func_mmap_fixed_mapped=yes
ac_cv_func_poll=yes
ac_cv_func_pselect=yes
ac_cv_func_realloc_0_nonnull=yes
ac_cv_func_regcomp=yes
ac_cv_func_select=yes
ac_cv_func_setenv=yes
ac_cv_func_setlocale=yes
ac_cv_func_socket=yes
ac_cv_func_sqrt=yes
ac_cv_func_stpcpy=yes
ac_cv_func_strcasecmp=yes
ac_cv_func_strchr=yes
ac_cv_func_strdup=yes
ac_cv_func_strerror=yes
ac_cv_func_strerror_r=yes
ac_cv_func_strerror_r_char_p=no
ac_cv_func_strncasecmp=yes
ac_cv_func_strpbrk=yes
ac_cv_func_strrchr=yes
ac_cv_func_strstr=yes
ac_cv_func_strtol=yes
ac_cv_func_strtoul=yes
ac_cv_func_strtoull=yes
ac_cv_func_vasprintf=yes
ac_cv_have_decl_strerror_r=yes
ac_cv_header_arpa_inet_h=yes
ac_cv_header_dlfcn_h=yes
ac_cv_header_fcntl_h=yes
ac_cv_header_float_h=yes
ac_cv_header_inttypes_h=yes
ac_cv_header_libintl_h=yes
ac_cv_header_limits_h=yes
ac_cv_header_locale_h=yes
ac_cv_header_malloc_h=yes
ac_cv_header_memory_h=yes
ac_cv_header_netdb_h=yes
ac_cv_header_netinet_in_h=yes
ac_cv_header_stdbool_h=yes
ac_cv_header_stdc=yes
ac_cv_header_stddef_h=yes
ac_cv_header_stdint_h=yes
ac_cv_header_stdlib_h=yes
ac_cv_header_string_h=yes
ac_cv_header_strings_h=yes
ac_cv_header_sys_ioctl_h=yes
ac_cv_header_sys_param_h=yes
ac_cv_header_sys_socket_h=yes
ac_cv_header_sys_stat_h=yes
ac_cv_header_sys_time_h=yes
ac_cv_header_sys_timeb_h=yes
ac_cv_header_sys_types_h=yes
ac_cv_header_syslog_h=yes
ac_cv_header_unistd_h=yes
ac_cv_header_wchar_h=yes
ac_cv_host=i686-pc-linux-gnu
ac_cv_member_struct__WSAMSG_name=no
ac_cv_objext=o
ac_cv_path_EGREP='/bin/grep -E'
ac_cv_path_FGREP='/bin/grep -F'
ac_cv_path_GREP=/bin/grep
ac_cv_path_PERL=/usr/bin/perl
ac_cv_path_PYTHON=/usr/bin/python
ac_cv_path_SED=/bin/sed
ac_cv_path_install='/usr/bin/install -c'
ac_cv_path_mkdir=/bin/mkdir
ac_cv_prog_AWK=gawk
ac_cv_prog_CPP='gcc -std=gnu99 -E'
ac_cv_prog_ac_ct_AR=ar
ac_cv_prog_ac_ct_CC=gcc
ac_cv_prog_ac_ct_RANLIB=ranlib
ac_cv_prog_ac_ct_STRIP=strip
ac_cv_prog_cc_c89=
ac_cv_prog_cc_c99=-std=gnu99
ac_cv_prog_cc_g=yes
ac_cv_prog_make_make_set=yes
ac_cv_search_clock_gettime=-lrt
ac_cv_search_pthread_mutex_trylock=-lpthread
ac_cv_search_sqrt=-lm
ac_cv_type__Bool=yes
ac_cv_type_mode_t=yes
ac_cv_type_size_t=yes
ac_cv_type_ssize_t=yes
ac_cv_type_uid_t=yes
ac_cv_working_alloca_h=yes
am_cv_CC_dependencies_compiler_type=gcc3
lt_cv_deplibs_check_method=pass_all
lt_cv_file_magic_cmd='$MAGIC_CMD'
lt_cv_file_magic_test_file=
lt_cv_ld_reload_flag=-r
lt_cv_nm_interface='BSD nm'
lt_cv_objdir=.libs
lt_cv_path_LD=/usr/bin/ld
lt_cv_path_NM='/usr/bin/nm -B'
lt_cv_prog_compiler_c_o=yes
lt_cv_prog_compiler_pic_works=yes
lt_cv_prog_compiler_rtti_exceptions=no
lt_cv_prog_compiler_static_works=yes
lt_cv_prog_gnu_ld=yes
lt_cv_sys_global_symbol_pipe='sed -n -e '\''s/^.*[	 ]\([ABCDGIRSTW][ABCDGIRSTW]*\)[	 ][	 ]*\([_A-Za-z][_A-Za-z0-9]*\)$/\1 \2 \2/p'\'''
lt_cv_sys_global_symbol_to_c_name_address='sed -n -e '\''s/^: \([^ ]*\) $/  {\"\1\", (void *) 0},/p'\'' -e '\''s/^[ABCDGIRSTW]* \([^ ]*\) \([^ ]*\)$/  {"\2", (void *) \&\2},/p'\'''
lt_cv_sys_global_symbol_to_c_name_address_lib_prefix='sed -n -e '\''s/^: \([^ ]*\) $/  {\"\1\", (void *) 0},/p'\'' -e '\''s/^[ABCDGIRSTW]* \([^ ]*\) \(lib[^ ]*\)$/  {"\2", (void *) \&\2},/p'\'' -e '\''s/^[ABCDGIRSTW]* \([^ ]*\) \([^ ]*\)$/  {"lib\2", (void *) \&\2},/p'\'''
lt_cv_sys_global_symbol_to_cdecl='sed -n -e '\''s/^T .* \(.*\)$/extern int \1();/p'\'' -e '\''s/^[ABCDGIRSTW]* .* \(.*\)$/extern char \1;/p'\'''
lt_cv_sys_max_cmd_len=1572864

## ----------------- ##
## Output variables. ##
## ----------------- ##

ACLOCAL='${SHELL} /home/alex/Projects/lib/zeromq-3.2.1/foreign/openpgm/build-staging/openpgm/pgm/missing --run aclocal-1.10'
ALLOCA=''
AMDEPBACKSLASH='\'
AMDEP_FALSE='#'
AMDEP_TRUE=''
AMTAR='${SHELL} /home/alex/Projects/lib/zeromq-3.2.1/foreign/openpgm/build-staging/openpgm/pgm/missing --run tar'
AR='ar'
AUTOCONF='${SHELL} /home/alex/Projects/lib/zeromq-3.2.1/foreign/openpgm/build-staging/openpgm/pgm/missing --run autoconf'
AUTOHEADER='${SHELL} /home/alex/Projects/lib/zeromq-3.2.1/foreign/openpgm/build-staging/openpgm/pgm/missing --run autoheader'
AUTOMAKE='${SHELL} /home/alex/Projects/lib/zeromq-3.2.1/foreign/openpgm/build-staging/openpgm/pgm/missing --run automake-1.10'
AWK='gawk'
CC='gcc -std=gnu99'
CCDEPMODE='depmode=gcc3'
CFLAGS='-fvisibility=hidden -D_REENTRANT -D_XOPEN_SOURCE=600 -D_BSD_SOURCE -DCONFIG_HAVE_POSIX_SPINLOCK -DCONFIG_HAVE_GETPROTOBYNAME_R2 -DCONFIG_HAVE_GETNETENT -DCONFIG_HAVE_ISO_VARARGS -DCONFIG_HAVE_GNUC_VARARGS -DCONFIG_HAVE_ALLOCA_H -DCONFIG_HAVE_EVENTFD -DCONFIG_HAVE_PROC -DCONFIG_HAVE_BACKTRACE -DCONFIG_HAVE_PSELECT -DCONFIG_HAVE_TSC -DCONFIG_HAVE_POLL -DCONFIG_HAVE_EPOLL -DCONFIG_HAVE_GETIFADDRS -DCONFIG_HAVE_IFR_NETMASK -DCONFIG_HAVE_MCAST_JOIN -DCONFIG_HAVE_IP_MREQN -DCONFIG_HAVE_SPRINTF_GROUPING -DCONFIG_HAVE_VASPRINTF -DCONFIG_HAVE_DSO_VISIBILITY -DCONFIG_BIND_INADDR_ANY -DCONFIG_TICKET_SPINLOCK -DCONFIG_DUMB_RWSPINLOCK'
CPP='gcc -std=gnu99 -E'
CPPFLAGS=''
CYGPATH_W='echo'
DEFS='-DPACKAGE_NAME=\"OpenPGM\" -DPACKAGE_TARNAME=\"openpgm\" -DPACKAGE_VERSION=\"5.1.118\" -DPACKAGE_STRING=\"OpenPGM\ 5.1.118\" -DPACKAGE_BUGREPORT=\"openpgm-dev@googlegroups.com\" -DSTDC_HEADERS=1 -DHAVE_SYS_TYPES_H=1 -DHAVE_SYS_STAT_H=1 -DHAVE_STDLIB_H=1 -DHAVE_STRING_H=1 -DHAVE_MEMORY_H=1 -DHAVE_STRINGS_H=1 -DHAVE_INTTYPES_H=1 -DHAVE_STDINT_H=1 -DHAVE_UNISTD_H=1 -DHAVE_DLFCN_H=1 -DLT_OBJDIR=\".libs/\" -DHAVE_ALLOCA_H=1 -DHAVE_ALLOCA=1 -DHAVE_ARPA_INET_H=1 -DHAVE_FCNTL_H=1 -DHAVE_FLOAT_H=1 -DHAVE_INTTYPES_H=1 -DHAVE_LIBINTL_H=1 -DHAVE_LIMITS_H=1 -DHAVE_LOCALE_H=1 -DHAVE_MALLOC_H=1 -DHAVE_MEMORY_H=1 -DHAVE_NETDB_H=1 -DHAVE_NETINET_IN_H=1 -DHAVE_STDDEF_H=1 -DHAVE_STDINT_H=1 -DHAVE_STDLIB_H=1 -DHAVE_STRING_H=1 -DHAVE_STRINGS_H=1 -DHAVE_SYS_IOCTL_H=1 -DHAVE_SYS_PARAM_H=1 -DHAVE_SYS_SOCKET_H=1 -DHAVE_SYS_TIME_H=1 -DHAVE_SYS_TIMEB_H=1 -DHAVE_SYSLOG_H=1 -DHAVE_UNISTD_H=1 -DHAVE_WCHAR_H=1 -DHAVE__BOOL=1 -DHAVE_STDBOOL_H=1 -DHAVE_STDLIB_H=1 -DHAVE_MALLOC=1 -DHAVE_STDLIB_H=1 -DHAVE_UNISTD_H=1 -DHAVE_GETPAGESIZE=1 -DHAVE_MMAP=1 -DHAVE_STDLIB_H=1 -DHAVE_REALLOC=1 -DHAVE_DECL_STRERROR_R=1 -DHAVE_STRERROR_R=1 -DHAVE_ATEXIT=1 -DHAVE_CLOCK_GETTIME=1 -DHAVE_FLOOR=1 -DHAVE_FTIME=1 -DHAVE_GETHOSTBYADDR=1 -DHAVE_GETHOSTBYNAME=1 -DHAVE_GETHOSTNAME=1 -DHAVE_GETTIMEOFDAY=1 -DHAVE_INET_NTOA=1 -DHAVE_MEMMOVE=1 -DHAVE_MEMSET=1 -DHAVE_REGCOMP=1 -DHAVE_SELECT=1 -DHAVE_SETENV=1 -DHAVE_SETLOCALE=1 -DHAVE_SOCKET=1 -DHAVE_SQRT=1 -DHAVE_STPCPY=1 -DHAVE_STRCASECMP=1 -DHAVE_STRCHR=1 -DHAVE_STRDUP=1 -DHAVE_STRERROR=1 -DHAVE_STRNCASECMP=1 -DHAVE_STRPBRK=1 -DHAVE_STRRCHR=1 -DHAVE_STRSTR=1 -DHAVE_STRTOL=1 -DHAVE_STRTOUL=1 -DHAVE_STRTOULL=1'
DEPDIR='.deps'
DSYMUTIL=''
DUMPBIN=''
ECHO_C=''
ECHO_N='-n'
ECHO_T=''
EGREP='/bin/grep -E'
EXEEXT=''
FGREP='/bin/grep -F'
GREP='/bin/grep'
INSTALL_DATA='${INSTALL} -m 644'
INSTALL_PROGRAM='${INSTALL}'
INSTALL_SCRIPT='${INSTALL}'
INSTALL_STRIP_PROGRAM='$(install_sh) -c -s'
LD='/usr/bin/ld'
LDFLAGS=''
LIBOBJS=''
LIBS='-lrt -lpthread -lm '
LIBTOOL='$(SHELL) $(top_builddir)/libtool'
LIBTOOL_DEPS='./ltmain.sh'
LIPO=''
LN_S='ln -s'
LTLIBOBJS=''
MAKEINFO='${SHELL} /home/alex/Projects/lib/zeromq-3.2.1/foreign/openpgm/build-staging/openpgm/pgm/missing --run makeinfo'
NM='/usr/bin/nm -B'
NMEDIT=''
OBJEXT='o'
OTOOL64=''
OTOOL=''
PACKAGE='openpgm'
PACKAGE_BUGREPORT='openpgm-dev@googlegroups.com'
PACKAGE_NAME='OpenPGM'
PACKAGE_STRING='OpenPGM 5.1.118'
PACKAGE_TARNAME='openpgm'
PACKAGE_VERSION='5.1.118'
PATH_SEPARATOR=':'
PERL='/usr/bin/perl'
PYTHON='/usr/bin/python'
RANLIB='ranlib'
RELEASE_INFO='5.1'
SED='/bin/sed'
SET_MAKE=''
SHELL='/bin/bash'
STRIP='strip'
VERSION='5.1.118'
VERSION_INFO='0:118'
VERSION_MAJOR='5'
VERSION_MICRO='118'
VERSION_MINOR='1'
ac_ct_CC='gcc'
ac_ct_DUMPBIN=''
am__fastdepCC_FALSE='#'
am__fastdepCC_TRUE=''
am__include='include'
am__isrc=''
am__leading_dot='.'
am__quote=''
am__tar='${AMTAR} chof - "$$tardir"'
am__untar='${AMTAR} xf -'
bindir='${exec_prefix}/bin'
build='i686-pc-linux-gnu'
build_alias=''
build_cpu='i686'
build_os='linux-gnu'
build_vendor='pc'
datadir='${datarootdir}'
datarootdir='${prefix}/share'
docdir='${datarootdir}/doc/${PACKAGE_TARNAME}'
dvidir='${docdir}'
exec_prefix='${prefix}'
host='i686-pc-linux-gnu'
host_alias=''
host_cpu='i686'
host_os='linux-gnu'
host_vendor='pc'
htmldir='${docdir}'
includedir='${prefix}/include'
infodir='${datarootdir}/info'
install_sh='$(SHELL) /home/alex/Projects/lib/zeromq-3.2.1/foreign/openpgm/build-staging/openpgm/pgm/install-sh'
libdir='${exec_prefix}/lib'
libexecdir='${exec_prefix}/libexec'
localedir='${datarootdir}/locale'
localstatedir='${prefix}/var'
lt_ECHO='echo'
mandir='${datarootdir}/man'
mkdir_p='/bin/mkdir -p'
oldincludedir='/usr/include'
pdfdir='${docdir}'
prefix='/usr/local'
program_transform_name='s,x,x,'
psdir='${docdir}'
sbindir='${exec_prefix}/sbin'
sharedstatedir='${prefix}/com'
sysconfdir='${prefix}/etc'
target_alias=''

## ----------- ##
## confdefs.h. ##
## ----------- ##

#define PACKAGE_NAME "OpenPGM"
#define PACKAGE_TARNAME "openpgm"
#define PACKAGE_VERSION "5.1.118"
#define PACKAGE_STRING "OpenPGM 5.1.118"
#define PACKAGE_BUGREPORT "openpgm-dev@googlegroups.com"
#define STDC_HEADERS 1
#define HAVE_SYS_TYPES_H 1
#define HAVE_SYS_STAT_H 1
#define HAVE_STDLIB_H 1
#define HAVE_STRING_H 1
#define HAVE_MEMORY_H 1
#define HAVE_STRINGS_H 1
#define HAVE_INTTYPES_H 1
#define HAVE_STDINT_H 1
#define HAVE_UNISTD_H 1
#define HAVE_DLFCN_H 1
#define LT_OBJDIR ".libs/"
#define HAVE_ALLOCA_H 1
#define HAVE_ALLOCA 1
#define HAVE_ARPA_INET_H 1
#define HAVE_FCNTL_H 1
#define HAVE_FLOAT_H 1
#define HAVE_INTTYPES_H 1
#define HAVE_LIBINTL_H 1
#define HAVE_LIMITS_H 1
#define HAVE_LOCALE_H 1
#define HAVE_MALLOC_H 1
#define HAVE_MEMORY_H 1
#define HAVE_NETDB_H 1
#define HAVE_NETINET_IN_H 1
#define HAVE_STDDEF_H 1
#define HAVE_STDINT_H 1
#define HAVE_STDLIB_H 1
#define HAVE_STRING_H 1
#define HAVE_STRINGS_H 1
#define HAVE_SYS_IOCTL_H 1
#define HAVE_SYS_PARAM_H 1
#define HAVE_SYS_SOCKET_H 1
#define HAVE_SYS_TIME_H 1
#define HAVE_SYS_TIMEB_H 1
#define HAVE_SYSLOG_H 1
#define HAVE_UNISTD_H 1
#define HAVE_WCHAR_H 1
#define HAVE__BOOL 1
#define HAVE_STDBOOL_H 1
#define HAVE_STDLIB_H 1
#define HAVE_MALLOC 1
#define HAVE_STDLIB_H 1
#define HAVE_UNISTD_H 1
#define HAVE_GETPAGESIZE 1
#define HAVE_MMAP 1
#define HAVE_STDLIB_H 1
#define HAVE_REALLOC 1
#define HAVE_DECL_STRERROR_R 1
#define HAVE_STRERROR_R 1
#define HAVE_ATEXIT 1
#define HAVE_CLOCK_GETTIME 1
#define HAVE_FLOOR 1
#define HAVE_FTIME 1
#define HAVE_GETHOSTBYADDR 1
#define HAVE_GETHOSTBYNAME 1
#define HAVE_GETHOSTNAME 1
#define HAVE_GETTIMEOFDAY 1
#define HAVE_INET_NTOA 1
#define HAVE_MEMMOVE 1
#define HAVE_MEMSET 1
#define HAVE_REGCOMP 1
#define HAVE_SELECT 1
#define HAVE_SETENV 1
#define HAVE_SETLOCALE 1
#define HAVE_SOCKET 1
#define HAVE_SQRT 1
#define HAVE_STPCPY 1
#define HAVE_STRCASECMP 1
#define HAVE_STRCHR 1
#define HAVE_STRDUP 1
#define HAVE_STRERROR 1
#define HAVE_STRNCASECMP 1
#define HAVE_STRPBRK 1
#define HAVE_STRRCHR 1
#define HAVE_STRSTR 1
#define HAVE_STRTOL 1
#define HAVE_STRTOUL 1
#define HAVE_STRTOULL 1

configure: exit 0
