C:\PROJECTS\SOFTWARE\TOOLS\ZEROMQ-3.2.1\BIN\WIN32\LIBZMQ_D.DLL
C:\PROJECTS\SOFTWARE\TOOLS\ZEROMQ-3.2.1\BIN\WIN32\LIBZMQ_D.PDB
C:\Projects\Software\Tools\zeromq-3.2.1\builds\msvc\libzmq\../../../bin/Win32/libzmq_d.dll
C:\Projects\Software\Tools\zeromq-3.2.1\builds\msvc\libzmq\../../../bin/Win32/libzmq_d.pdb
C:\Projects\Software\Tools\zeromq-3.2.1\lib\Win32\libzmq_d.exp
C:\Projects\Software\Tools\zeromq-3.2.1\lib\Win32\libzmq_d.lib
C:\PROJECTS\SOFTWARE\TOOLS\ZEROMQ-3.2.1\OBJ\WIN32\DEBUG\LIBZMQ\ADDRESS.OBJ
C:\Projects\Software\Tools\zeromq-3.2.1\obj\Win32\Debug\libzmq\CL.4252.read.1.tlog
C:\Projects\Software\Tools\zeromq-3.2.1\obj\Win32\Debug\libzmq\CL.4252.write.1.tlog
C:\Projects\Software\Tools\zeromq-3.2.1\obj\Win32\Debug\libzmq\CL.4772.read.1.tlog
C:\Projects\Software\Tools\zeromq-3.2.1\obj\Win32\Debug\libzmq\CL.4772.write.1.tlog
C:\Projects\Software\Tools\zeromq-3.2.1\obj\Win32\Debug\libzmq\CL.5860.read.1.tlog
C:\Projects\Software\Tools\zeromq-3.2.1\obj\Win32\Debug\libzmq\CL.5860.write.1.tlog
C:\Projects\Software\Tools\zeromq-3.2.1\obj\Win32\Debug\libzmq\CL.604.read.1.tlog
C:\Projects\Software\Tools\zeromq-3.2.1\obj\Win32\Debug\libzmq\CL.604.write.1.tlog
C:\Projects\Software\Tools\zeromq-3.2.1\obj\Win32\Debug\libzmq\cl.command.1.tlog
C:\Projects\Software\Tools\zeromq-3.2.1\obj\Win32\Debug\libzmq\CL.read.1.tlog
C:\Projects\Software\Tools\zeromq-3.2.1\obj\Win32\Debug\libzmq\CL.write.1.tlog
C:\PROJECTS\SOFTWARE\TOOLS\ZEROMQ-3.2.1\OBJ\WIN32\DEBUG\LIBZMQ\CLOCK.OBJ
C:\PROJECTS\SOFTWARE\TOOLS\ZEROMQ-3.2.1\OBJ\WIN32\DEBUG\LIBZMQ\CTX.OBJ
C:\PROJECTS\SOFTWARE\TOOLS\ZEROMQ-3.2.1\OBJ\WIN32\DEBUG\LIBZMQ\DEALER.OBJ
C:\PROJECTS\SOFTWARE\TOOLS\ZEROMQ-3.2.1\OBJ\WIN32\DEBUG\LIBZMQ\DECODER.OBJ
C:\PROJECTS\SOFTWARE\TOOLS\ZEROMQ-3.2.1\OBJ\WIN32\DEBUG\LIBZMQ\DEVPOLL.OBJ
C:\PROJECTS\SOFTWARE\TOOLS\ZEROMQ-3.2.1\OBJ\WIN32\DEBUG\LIBZMQ\DIST.OBJ
C:\PROJECTS\SOFTWARE\TOOLS\ZEROMQ-3.2.1\OBJ\WIN32\DEBUG\LIBZMQ\ENCODER.OBJ
C:\PROJECTS\SOFTWARE\TOOLS\ZEROMQ-3.2.1\OBJ\WIN32\DEBUG\LIBZMQ\EPOLL.OBJ
C:\PROJECTS\SOFTWARE\TOOLS\ZEROMQ-3.2.1\OBJ\WIN32\DEBUG\LIBZMQ\ERR.OBJ
C:\PROJECTS\SOFTWARE\TOOLS\ZEROMQ-3.2.1\OBJ\WIN32\DEBUG\LIBZMQ\FQ.OBJ
C:\PROJECTS\SOFTWARE\TOOLS\ZEROMQ-3.2.1\OBJ\WIN32\DEBUG\LIBZMQ\IO_OBJECT.OBJ
C:\PROJECTS\SOFTWARE\TOOLS\ZEROMQ-3.2.1\OBJ\WIN32\DEBUG\LIBZMQ\IO_THREAD.OBJ
C:\PROJECTS\SOFTWARE\TOOLS\ZEROMQ-3.2.1\OBJ\WIN32\DEBUG\LIBZMQ\IP.OBJ
C:\PROJECTS\SOFTWARE\TOOLS\ZEROMQ-3.2.1\OBJ\WIN32\DEBUG\LIBZMQ\IPC_ADDRESS.OBJ
C:\PROJECTS\SOFTWARE\TOOLS\ZEROMQ-3.2.1\OBJ\WIN32\DEBUG\LIBZMQ\IPC_CONNECTER.OBJ
C:\PROJECTS\SOFTWARE\TOOLS\ZEROMQ-3.2.1\OBJ\WIN32\DEBUG\LIBZMQ\IPC_LISTENER.OBJ
C:\PROJECTS\SOFTWARE\TOOLS\ZEROMQ-3.2.1\OBJ\WIN32\DEBUG\LIBZMQ\KQUEUE.OBJ
C:\PROJECTS\SOFTWARE\TOOLS\ZEROMQ-3.2.1\OBJ\WIN32\DEBUG\LIBZMQ\LB.OBJ
C:\Projects\Software\Tools\zeromq-3.2.1\obj\Win32\Debug\libzmq\libzmq.write.1.tlog
C:\PROJECTS\SOFTWARE\TOOLS\ZEROMQ-3.2.1\OBJ\WIN32\DEBUG\LIBZMQ\LIBZMQ_D.DLL.INTERMEDIATE.MANIFEST
C:\PROJECTS\SOFTWARE\TOOLS\ZEROMQ-3.2.1\OBJ\WIN32\DEBUG\LIBZMQ\LIBZMQ_D.PCH
C:\Projects\Software\Tools\zeromq-3.2.1\obj\Win32\Debug\libzmq\link.command.1.tlog
C:\Projects\Software\Tools\zeromq-3.2.1\obj\Win32\Debug\libzmq\link.read.1.tlog
C:\Projects\Software\Tools\zeromq-3.2.1\obj\Win32\Debug\libzmq\link.write.1.tlog
C:\PROJECTS\SOFTWARE\TOOLS\ZEROMQ-3.2.1\OBJ\WIN32\DEBUG\LIBZMQ\MAILBOX.OBJ
C:\PROJECTS\SOFTWARE\TOOLS\ZEROMQ-3.2.1\OBJ\WIN32\DEBUG\LIBZMQ\MSG.OBJ
C:\Projects\Software\Tools\zeromq-3.2.1\obj\Win32\Debug\libzmq\mt.command.1.tlog
C:\Projects\Software\Tools\zeromq-3.2.1\obj\Win32\Debug\libzmq\mt.read.1.tlog
C:\Projects\Software\Tools\zeromq-3.2.1\obj\Win32\Debug\libzmq\mt.write.1.tlog
C:\PROJECTS\SOFTWARE\TOOLS\ZEROMQ-3.2.1\OBJ\WIN32\DEBUG\LIBZMQ\MTRIE.OBJ
C:\PROJECTS\SOFTWARE\TOOLS\ZEROMQ-3.2.1\OBJ\WIN32\DEBUG\LIBZMQ\OBJECT.OBJ
C:\PROJECTS\SOFTWARE\TOOLS\ZEROMQ-3.2.1\OBJ\WIN32\DEBUG\LIBZMQ\OPTIONS.OBJ
C:\PROJECTS\SOFTWARE\TOOLS\ZEROMQ-3.2.1\OBJ\WIN32\DEBUG\LIBZMQ\OWN.OBJ
C:\PROJECTS\SOFTWARE\TOOLS\ZEROMQ-3.2.1\OBJ\WIN32\DEBUG\LIBZMQ\PAIR.OBJ
C:\PROJECTS\SOFTWARE\TOOLS\ZEROMQ-3.2.1\OBJ\WIN32\DEBUG\LIBZMQ\PGM_RECEIVER.OBJ
C:\PROJECTS\SOFTWARE\TOOLS\ZEROMQ-3.2.1\OBJ\WIN32\DEBUG\LIBZMQ\PGM_SENDER.OBJ
C:\PROJECTS\SOFTWARE\TOOLS\ZEROMQ-3.2.1\OBJ\WIN32\DEBUG\LIBZMQ\PGM_SOCKET.OBJ
C:\PROJECTS\SOFTWARE\TOOLS\ZEROMQ-3.2.1\OBJ\WIN32\DEBUG\LIBZMQ\PIPE.OBJ
C:\PROJECTS\SOFTWARE\TOOLS\ZEROMQ-3.2.1\OBJ\WIN32\DEBUG\LIBZMQ\POLL.OBJ
C:\PROJECTS\SOFTWARE\TOOLS\ZEROMQ-3.2.1\OBJ\WIN32\DEBUG\LIBZMQ\POLLER_BASE.OBJ
C:\PROJECTS\SOFTWARE\TOOLS\ZEROMQ-3.2.1\OBJ\WIN32\DEBUG\LIBZMQ\PRECOMPILED.OBJ
C:\PROJECTS\SOFTWARE\TOOLS\ZEROMQ-3.2.1\OBJ\WIN32\DEBUG\LIBZMQ\PROXY.OBJ
C:\PROJECTS\SOFTWARE\TOOLS\ZEROMQ-3.2.1\OBJ\WIN32\DEBUG\LIBZMQ\PUB.OBJ
C:\PROJECTS\SOFTWARE\TOOLS\ZEROMQ-3.2.1\OBJ\WIN32\DEBUG\LIBZMQ\PULL.OBJ
C:\PROJECTS\SOFTWARE\TOOLS\ZEROMQ-3.2.1\OBJ\WIN32\DEBUG\LIBZMQ\PUSH.OBJ
C:\PROJECTS\SOFTWARE\TOOLS\ZEROMQ-3.2.1\OBJ\WIN32\DEBUG\LIBZMQ\RANDOM.OBJ
C:\PROJECTS\SOFTWARE\TOOLS\ZEROMQ-3.2.1\OBJ\WIN32\DEBUG\LIBZMQ\REAPER.OBJ
C:\PROJECTS\SOFTWARE\TOOLS\ZEROMQ-3.2.1\OBJ\WIN32\DEBUG\LIBZMQ\REP.OBJ
C:\PROJECTS\SOFTWARE\TOOLS\ZEROMQ-3.2.1\OBJ\WIN32\DEBUG\LIBZMQ\REQ.OBJ
C:\PROJECTS\SOFTWARE\TOOLS\ZEROMQ-3.2.1\OBJ\WIN32\DEBUG\LIBZMQ\ROUTER.OBJ
C:\PROJECTS\SOFTWARE\TOOLS\ZEROMQ-3.2.1\OBJ\WIN32\DEBUG\LIBZMQ\SELECT.OBJ
C:\PROJECTS\SOFTWARE\TOOLS\ZEROMQ-3.2.1\OBJ\WIN32\DEBUG\LIBZMQ\SESSION_BASE.OBJ
C:\PROJECTS\SOFTWARE\TOOLS\ZEROMQ-3.2.1\OBJ\WIN32\DEBUG\LIBZMQ\SIGNALER.OBJ
C:\PROJECTS\SOFTWARE\TOOLS\ZEROMQ-3.2.1\OBJ\WIN32\DEBUG\LIBZMQ\SOCKET_BASE.OBJ
C:\PROJECTS\SOFTWARE\TOOLS\ZEROMQ-3.2.1\OBJ\WIN32\DEBUG\LIBZMQ\STREAM_ENGINE.OBJ
C:\PROJECTS\SOFTWARE\TOOLS\ZEROMQ-3.2.1\OBJ\WIN32\DEBUG\LIBZMQ\SUB.OBJ
C:\PROJECTS\SOFTWARE\TOOLS\ZEROMQ-3.2.1\OBJ\WIN32\DEBUG\LIBZMQ\TCP.OBJ
C:\PROJECTS\SOFTWARE\TOOLS\ZEROMQ-3.2.1\OBJ\WIN32\DEBUG\LIBZMQ\TCP_ADDRESS.OBJ
C:\PROJECTS\SOFTWARE\TOOLS\ZEROMQ-3.2.1\OBJ\WIN32\DEBUG\LIBZMQ\TCP_CONNECTER.OBJ
C:\PROJECTS\SOFTWARE\TOOLS\ZEROMQ-3.2.1\OBJ\WIN32\DEBUG\LIBZMQ\TCP_LISTENER.OBJ
C:\PROJECTS\SOFTWARE\TOOLS\ZEROMQ-3.2.1\OBJ\WIN32\DEBUG\LIBZMQ\THREAD.OBJ
C:\PROJECTS\SOFTWARE\TOOLS\ZEROMQ-3.2.1\OBJ\WIN32\DEBUG\LIBZMQ\TRIE.OBJ
C:\PROJECTS\SOFTWARE\TOOLS\ZEROMQ-3.2.1\OBJ\WIN32\DEBUG\LIBZMQ\V1_DECODER.OBJ
C:\PROJECTS\SOFTWARE\TOOLS\ZEROMQ-3.2.1\OBJ\WIN32\DEBUG\LIBZMQ\V1_ENCODER.OBJ
C:\PROJECTS\SOFTWARE\TOOLS\ZEROMQ-3.2.1\OBJ\WIN32\DEBUG\LIBZMQ\VC100.PDB
C:\PROJECTS\SOFTWARE\TOOLS\ZEROMQ-3.2.1\OBJ\WIN32\DEBUG\LIBZMQ\XPUB.OBJ
C:\PROJECTS\SOFTWARE\TOOLS\ZEROMQ-3.2.1\OBJ\WIN32\DEBUG\LIBZMQ\XSUB.OBJ
C:\PROJECTS\SOFTWARE\TOOLS\ZEROMQ-3.2.1\OBJ\WIN32\DEBUG\LIBZMQ\ZMQ.OBJ
C:\PROJECTS\SOFTWARE\TOOLS\ZEROMQ-3.2.1\OBJ\WIN32\DEBUG\LIBZMQ\ZMQ_UTILS.OBJ
